2026-04-09T16:18:34.248+02:00  INFO 20728 --- [configserver] [main] [                                                 ] c.l.e.c.ConfigserverApplication          : Starting ConfigserverApplication using Java 26 with PID 20728 (C:\Users\leoga\Formación\Proyectos\Course 1\ecom-microservices\configserver\target\classes started by leoga in C:\Users\leoga\Formación\Proyectos\Course 1\ecom-microservices)
2026-04-09T16:18:34.255+02:00  INFO 20728 --- [configserver] [main] [                                                 ] c.l.e.c.ConfigserverApplication          : The following 1 profile is active: "native"
2026-04-09T16:18:35.896+02:00  INFO 20728 --- [configserver] [main] [                                                 ] faultConfiguringBeanFactoryPostProcessor : No bean named 'errorChannel' has been explicitly defined. Therefore, a default PublishSubscribeChannel will be created.
2026-04-09T16:18:35.909+02:00  INFO 20728 --- [configserver] [main] [                                                 ] faultConfiguringBeanFactoryPostProcessor : No bean named 'integrationHeaderChannelRegistry' has been explicitly defined. Therefore, a default DefaultHeaderChannelRegistry will be created.
2026-04-09T16:18:35.970+02:00  INFO 20728 --- [configserver] [main] [                                                 ] o.s.cloud.context.scope.GenericScope     : BeanFactory id=70885449-c5ae-32a6-93b9-4702dc81c920
2026-04-09T16:18:36.454+02:00  INFO 20728 --- [configserver] [main] [                                                 ] o.s.boot.tomcat.TomcatWebServer          : Tomcat initialized with port 8889 (http)
2026-04-09T16:18:36.472+02:00  INFO 20728 --- [configserver] [main] [                                                 ] o.apache.catalina.core.StandardService   : Starting service [Tomcat]
2026-04-09T16:18:36.472+02:00  INFO 20728 --- [configserver] [main] [                                                 ] o.apache.catalina.core.StandardEngine    : Starting Servlet engine: [Apache Tomcat/11.0.20]
2026-04-09T16:18:36.695+02:00  INFO 20728 --- [configserver] [main] [                                                 ] b.w.c.s.WebApplicationContextInitializer : Root WebApplicationContext: initialization completed in 2375 ms
2026-04-09T16:18:38.254+02:00  INFO 20728 --- [configserver] [main] [                                                 ] o.s.c.s.m.DirectWithAttributesChannel    : Channel 'configserver.springCloudBusInput' has 1 subscriber(s).
2026-04-09T16:18:39.567+02:00  INFO 20728 --- [configserver] [main] [                                                 ] o.s.cloud.commons.util.InetUtils         : Cannot determine local hostname
2026-04-09T16:18:40.821+02:00  INFO 20728 --- [configserver] [main] [                                                 ] o.s.cloud.commons.util.InetUtils         : Cannot determine local hostname
2026-04-09T16:18:41.017+02:00  INFO 20728 --- [configserver] [main] [                                                 ] o.s.b.a.e.web.EndpointLinksResolver      : Exposing 2 endpoints beneath base path '/actuator'
2026-04-09T16:18:41.189+02:00  INFO 20728 --- [configserver] [main] [                                                 ] figuration$IntegrationJmxConfiguration$1 : Registering MessageChannel errorChannel
2026-04-09T16:18:41.196+02:00  INFO 20728 --- [configserver] [main] [                                                 ] figuration$IntegrationJmxConfiguration$1 : Registering MessageChannel springCloudBusInput
2026-04-09T16:18:41.199+02:00  INFO 20728 --- [configserver] [main] [                                                 ] figuration$IntegrationJmxConfiguration$1 : Registering MessageChannel nullChannel
2026-04-09T16:18:41.202+02:00  INFO 20728 --- [configserver] [main] [                                                 ] figuration$IntegrationJmxConfiguration$1 : Registering MessageHandler _org.springframework.integration.errorLogger
2026-04-09T16:18:41.211+02:00  INFO 20728 --- [configserver] [main] [                                                 ] o.s.i.endpoint.EventDrivenConsumer       : Adding {logging-channel-adapter:_org.springframework.integration.errorLogger} as a subscriber to the 'errorChannel' channel
2026-04-09T16:18:41.212+02:00  INFO 20728 --- [configserver] [main] [                                                 ] o.s.i.channel.PublishSubscribeChannel    : Channel 'configserver.errorChannel' has 1 subscriber(s).
2026-04-09T16:18:41.212+02:00  INFO 20728 --- [configserver] [main] [                                                 ] o.s.i.endpoint.EventDrivenConsumer       : started bean '_org.springframework.integration.errorLogger'
2026-04-09T16:18:41.230+02:00  INFO 20728 --- [configserver] [main] [                                                 ] o.s.c.s.binder.DefaultBinderFactory      : Creating binder: rabbit
2026-04-09T16:18:41.231+02:00  INFO 20728 --- [configserver] [main] [                                                 ] o.s.c.s.binder.DefaultBinderFactory      : Constructing binder child context for rabbit
2026-04-09T16:18:41.304+02:00  INFO 20728 --- [configserver] [main] [                                                 ] o.s.c.s.binder.DefaultBinderFactory      : Caching the binder: rabbit
2026-04-09T16:18:41.322+02:00  INFO 20728 --- [configserver] [main] [                                                 ] c.s.b.r.p.RabbitExchangeQueueProvisioner : declaring queue for inbound: springCloudBus.anonymous.crfr6ZTPSaGFwjO9af6atw, bound to: springCloudBus
2026-04-09T16:18:41.328+02:00  INFO 20728 --- [configserver] [main] [                                                 ] o.s.a.r.c.CachingConnectionFactory       : Attempting to connect to: [cougar.rmq.cloudamqp.com:5672]
2026-04-09T16:18:42.356+02:00  INFO 20728 --- [configserver] [main] [                                                 ] o.s.a.r.c.CachingConnectionFactory       : Created new connection: rabbitConnectionFactory#2c6efee3:0/SimpleConnection@488c6c98 [delegate=amqp://ldvtdtip@18.181.18.80:5672/ldvtdtip, localPort=62478]
2026-04-09T16:18:43.356+02:00  INFO 20728 --- [configserver] [main] [                                                 ] o.s.c.stream.binder.BinderErrorChannel   : Channel 'rabbit-583057596.springCloudBusInput.errors' has 1 subscriber(s).
2026-04-09T16:18:43.357+02:00  INFO 20728 --- [configserver] [main] [                                                 ] o.s.c.stream.binder.BinderErrorChannel   : Channel 'rabbit-583057596.springCloudBusInput.errors' has 2 subscriber(s).
2026-04-09T16:18:44.074+02:00  INFO 20728 --- [configserver] [main] [                                                 ] o.s.i.a.i.AmqpInboundChannelAdapter      : started bean 'inbound.springCloudBus.anonymous.crfr6ZTPSaGFwjO9af6atw'
2026-04-09T16:18:44.088+02:00  INFO 20728 --- [configserver] [main] [                                                 ] o.s.boot.tomcat.TomcatWebServer          : Tomcat started on port 8889 (http) with context path '/'
2026-04-09T16:18:44.388+02:00  INFO 20728 --- [configserver] [http-nio-8889-exec-1] [                                                 ] o.a.c.c.C.[Tomcat].[localhost].[/]       : Initializing Spring DispatcherServlet 'dispatcherServlet'
2026-04-09T16:18:44.388+02:00  INFO 20728 --- [configserver] [http-nio-8889-exec-1] [                                                 ] o.s.web.servlet.DispatcherServlet        : Initializing Servlet 'dispatcherServlet'
2026-04-09T16:18:44.394+02:00  INFO 20728 --- [configserver] [http-nio-8889-exec-1] [                                                 ] o.s.web.servlet.DispatcherServlet        : Completed initialization in 5 ms
2026-04-09T16:18:44.545+02:00  INFO 20728 --- [configserver] [http-nio-8889-exec-1] [69d7b544a04adf05f5cb6fa2410046d0-f5cb6fa2410046d0] figuration$IntegrationJmxConfiguration$1 : Registering MessageChannel rabbit-583057596.springCloudBusInput.errors
2026-04-09T16:18:45.097+02:00  INFO 20728 --- [configserver] [main] [                                                 ] o.s.cloud.commons.util.InetUtils         : Cannot determine local hostname
2026-04-09T16:18:46.107+02:00  INFO 20728 --- [configserver] [main] [                                                 ] o.s.cloud.commons.util.InetUtils         : Cannot determine local hostname
2026-04-09T16:18:46.135+02:00  INFO 20728 --- [configserver] [main] [                                                 ] c.l.e.c.ConfigserverApplication          : Started ConfigserverApplication in 14.284 seconds (process running for 17.216)
2026-04-09T16:22:10.684+02:00  INFO 20728 --- [configserver] [http-nio-8889-exec-10] [69d7b6122c6f337b2dc68a10a09897f8-866941fe518789fc] o.s.c.c.s.e.NativeEnvironmentRepository  : Adding property source: Config resource 'file [C:\Users\leoga\Formación\Proyectos\Course 1\ecom-microservices\configserver\src\main\resources\config\order-service.yml]' via location 'file:///C:\Users\leoga\Formación\Proyectos\Course 1\ecom-microservices\configserver\src\main\resources\config/'
2026-04-09T16:22:11.350+02:00  INFO 20728 --- [configserver] [http-nio-8889-exec-3] [69d7b613545e08c1dc49b820c2be3291-f6dd84c0ec57f464] o.s.c.c.s.e.NativeEnvironmentRepository  : Adding property source: Config resource 'file [C:\Users\leoga\Formación\Proyectos\Course 1\ecom-microservices\configserver\src\main\resources\config\order-service.yml]' via location 'file:///C:\Users\leoga\Formación\Proyectos\Course 1\ecom-microservices\configserver\src\main\resources\config/'
2026-04-09T16:22:12.699+02:00  INFO 20728 --- [configserver] [http-nio-8889-exec-2] [69d7b614bd182efeb8a01825ffcd80f6-d64841bd4c58c6df] o.s.c.c.s.e.NativeEnvironmentRepository  : Adding property source: Config resource 'file [C:\Users\leoga\Formación\Proyectos\Course 1\ecom-microservices\configserver\src\main\resources\config\user-service.yml]' via location 'file:///C:\Users\leoga\Formación\Proyectos\Course 1\ecom-microservices\configserver\src\main\resources\config/'
2026-04-09T16:22:13.109+02:00  INFO 20728 --- [configserver] [http-nio-8889-exec-4] [69d7b6151eea8a103a90f638ab8c24a9-219d8c6ec7b2bdd2] o.s.c.c.s.e.NativeEnvironmentRepository  : Adding property source: Config resource 'file [C:\Users\leoga\Formación\Proyectos\Course 1\ecom-microservices\configserver\src\main\resources\config\user-service.yml]' via location 'file:///C:\Users\leoga\Formación\Proyectos\Course 1\ecom-microservices\configserver\src\main\resources\config/'
2026-04-09T16:22:16.210+02:00  INFO 20728 --- [configserver] [http-nio-8889-exec-9] [69d7b618f9575c140495af57137a21fd-e1e6c93c1147b4db] o.s.c.c.s.e.NativeEnvironmentRepository  : Adding property source: Config resource 'file [C:\Users\leoga\Formación\Proyectos\Course 1\ecom-microservices\configserver\src\main\resources\config\product-service.yml]' via location 'file:///C:\Users\leoga\Formación\Proyectos\Course 1\ecom-microservices\configserver\src\main\resources\config/'
2026-04-09T16:22:16.572+02:00  INFO 20728 --- [configserver] [http-nio-8889-exec-7] [69d7b618be78bccfefba2ceb07fbb13f-4a597dacfcc7d36b] o.s.c.c.s.e.NativeEnvironmentRepository  : Adding property source: Config resource 'file [C:\Users\leoga\Formación\Proyectos\Course 1\ecom-microservices\configserver\src\main\resources\config\product-service.yml]' via location 'file:///C:\Users\leoga\Formación\Proyectos\Course 1\ecom-microservices\configserver\src\main\resources\config/'
2026-04-09T16:29:35.323+02:00  INFO 20728 --- [configserver] [SpringApplicationShutdownHook] [                                                 ] o.s.boot.tomcat.GracefulShutdown         : Commencing graceful shutdown. Waiting for active requests to complete
2026-04-09T16:29:35.336+02:00  INFO 20728 --- [configserver] [tomcat-shutdown] [                                                 ] o.s.boot.tomcat.GracefulShutdown         : Graceful shutdown complete
2026-04-09T16:29:35.581+02:00  INFO 20728 --- [configserver] [SpringApplicationShutdownHook] [                                                 ] o.s.a.r.l.SimpleMessageListenerContainer : Waiting for workers to finish.
2026-04-09T16:29:35.655+02:00  INFO 20728 --- [configserver] [SpringApplicationShutdownHook] [                                                 ] o.s.a.r.l.SimpleMessageListenerContainer : Successfully waited for workers to finish.
2026-04-09T16:29:35.655+02:00  INFO 20728 --- [configserver] [SpringApplicationShutdownHook] [                                                 ] o.s.i.a.i.AmqpInboundChannelAdapter      : stopped bean 'inbound.springCloudBus.anonymous.crfr6ZTPSaGFwjO9af6atw'
2026-04-09T16:29:35.658+02:00  INFO 20728 --- [configserver] [SpringApplicationShutdownHook] [                                                 ] o.s.c.stream.binder.BinderErrorChannel   : Channel 'configserver.rabbit-583057596.springCloudBusInput.errors' has 1 subscriber(s).
2026-04-09T16:29:35.659+02:00  INFO 20728 --- [configserver] [SpringApplicationShutdownHook] [                                                 ] o.s.c.stream.binder.BinderErrorChannel   : Channel 'configserver.rabbit-583057596.springCloudBusInput.errors' has 0 subscriber(s).
2026-04-09T16:29:36.168+02:00  INFO 20728 --- [configserver] [SpringApplicationShutdownHook] [                                                 ] o.s.i.endpoint.EventDrivenConsumer       : Removing {logging-channel-adapter:_org.springframework.integration.errorLogger} as a subscriber to the 'errorChannel' channel
2026-04-09T16:29:36.168+02:00  INFO 20728 --- [configserver] [SpringApplicationShutdownHook] [                                                 ] o.s.i.channel.PublishSubscribeChannel    : Channel 'configserver.errorChannel' has 0 subscriber(s).
2026-04-09T16:29:36.169+02:00  INFO 20728 --- [configserver] [SpringApplicationShutdownHook] [                                                 ] o.s.i.endpoint.EventDrivenConsumer       : stopped bean '_org.springframework.integration.errorLogger'
2026-04-09T16:31:00.598+02:00  INFO 15732 --- [configserver] [main] [                                                 ] c.l.e.c.ConfigserverApplication          : Starting ConfigserverApplication using Java 26 with PID 15732 (C:\Users\leoga\Formación\Proyectos\Course 1\ecom-microservices\configserver\target\classes started by leoga in C:\Users\leoga\Formación\Proyectos\Course 1\ecom-microservices)
2026-04-09T16:31:00.601+02:00  INFO 15732 --- [configserver] [main] [                                                 ] c.l.e.c.ConfigserverApplication          : The following 1 profile is active: "native"
2026-04-09T16:31:02.215+02:00  INFO 15732 --- [configserver] [main] [                                                 ] faultConfiguringBeanFactoryPostProcessor : No bean named 'errorChannel' has been explicitly defined. Therefore, a default PublishSubscribeChannel will be created.
2026-04-09T16:31:02.223+02:00  INFO 15732 --- [configserver] [main] [                                                 ] faultConfiguringBeanFactoryPostProcessor : No bean named 'integrationHeaderChannelRegistry' has been explicitly defined. Therefore, a default DefaultHeaderChannelRegistry will be created.
2026-04-09T16:31:02.278+02:00  INFO 15732 --- [configserver] [main] [                                                 ] o.s.cloud.context.scope.GenericScope     : BeanFactory id=70885449-c5ae-32a6-93b9-4702dc81c920
2026-04-09T16:31:02.750+02:00  INFO 15732 --- [configserver] [main] [                                                 ] o.s.boot.tomcat.TomcatWebServer          : Tomcat initialized with port 8889 (http)
2026-04-09T16:31:02.767+02:00  INFO 15732 --- [configserver] [main] [                                                 ] o.apache.catalina.core.StandardService   : Starting service [Tomcat]
2026-04-09T16:31:02.768+02:00  INFO 15732 --- [configserver] [main] [                                                 ] o.apache.catalina.core.StandardEngine    : Starting Servlet engine: [Apache Tomcat/11.0.20]
2026-04-09T16:31:02.998+02:00  INFO 15732 --- [configserver] [main] [                                                 ] b.w.c.s.WebApplicationContextInitializer : Root WebApplicationContext: initialization completed in 2334 ms
2026-04-09T16:31:04.513+02:00  INFO 15732 --- [configserver] [main] [                                                 ] o.s.c.s.m.DirectWithAttributesChannel    : Channel 'configserver.springCloudBusInput' has 1 subscriber(s).
2026-04-09T16:31:05.823+02:00  INFO 15732 --- [configserver] [main] [                                                 ] o.s.cloud.commons.util.InetUtils         : Cannot determine local hostname
2026-04-09T16:31:07.100+02:00  INFO 15732 --- [configserver] [main] [                                                 ] o.s.cloud.commons.util.InetUtils         : Cannot determine local hostname
2026-04-09T16:31:07.423+02:00  INFO 15732 --- [configserver] [main] [                                                 ] o.s.b.a.e.web.EndpointLinksResolver      : Exposing 2 endpoints beneath base path '/actuator'
2026-04-09T16:31:07.609+02:00  INFO 15732 --- [configserver] [main] [                                                 ] figuration$IntegrationJmxConfiguration$1 : Registering MessageChannel errorChannel
2026-04-09T16:31:07.615+02:00  INFO 15732 --- [configserver] [main] [                                                 ] figuration$IntegrationJmxConfiguration$1 : Registering MessageChannel springCloudBusInput
2026-04-09T16:31:07.619+02:00  INFO 15732 --- [configserver] [main] [                                                 ] figuration$IntegrationJmxConfiguration$1 : Registering MessageChannel nullChannel
2026-04-09T16:31:07.623+02:00  INFO 15732 --- [configserver] [main] [                                                 ] figuration$IntegrationJmxConfiguration$1 : Registering MessageHandler _org.springframework.integration.errorLogger
2026-04-09T16:31:07.637+02:00  INFO 15732 --- [configserver] [main] [                                                 ] o.s.i.endpoint.EventDrivenConsumer       : Adding {logging-channel-adapter:_org.springframework.integration.errorLogger} as a subscriber to the 'errorChannel' channel
2026-04-09T16:31:07.638+02:00  INFO 15732 --- [configserver] [main] [                                                 ] o.s.i.channel.PublishSubscribeChannel    : Channel 'configserver.errorChannel' has 1 subscriber(s).
2026-04-09T16:31:07.638+02:00  INFO 15732 --- [configserver] [main] [                                                 ] o.s.i.endpoint.EventDrivenConsumer       : started bean '_org.springframework.integration.errorLogger'
2026-04-09T16:31:07.653+02:00  INFO 15732 --- [configserver] [main] [                                                 ] o.s.c.s.binder.DefaultBinderFactory      : Creating binder: rabbit
2026-04-09T16:31:07.653+02:00  INFO 15732 --- [configserver] [main] [                                                 ] o.s.c.s.binder.DefaultBinderFactory      : Constructing binder child context for rabbit
2026-04-09T16:31:07.755+02:00  INFO 15732 --- [configserver] [main] [                                                 ] o.s.c.s.binder.DefaultBinderFactory      : Caching the binder: rabbit
2026-04-09T16:31:07.773+02:00  INFO 15732 --- [configserver] [main] [                                                 ] c.s.b.r.p.RabbitExchangeQueueProvisioner : declaring queue for inbound: springCloudBus.anonymous.9-wQo9BdTS-lpya3hQ_a_g, bound to: springCloudBus
2026-04-09T16:31:07.781+02:00  INFO 15732 --- [configserver] [main] [                                                 ] o.s.a.r.c.CachingConnectionFactory       : Attempting to connect to: [cougar.rmq.cloudamqp.com:5672]
2026-04-09T16:31:08.802+02:00  INFO 15732 --- [configserver] [main] [                                                 ] o.s.a.r.c.CachingConnectionFactory       : Created new connection: rabbitConnectionFactory#6369d01c:0/SimpleConnection@28521ed5 [delegate=amqp://ldvtdtip@18.181.18.80:5672/ldvtdtip, localPort=63642]
2026-04-09T16:31:09.809+02:00  INFO 15732 --- [configserver] [main] [                                                 ] o.s.c.stream.binder.BinderErrorChannel   : Channel 'rabbit-1637577782.springCloudBusInput.errors' has 1 subscriber(s).
2026-04-09T16:31:09.811+02:00  INFO 15732 --- [configserver] [main] [                                                 ] o.s.c.stream.binder.BinderErrorChannel   : Channel 'rabbit-1637577782.springCloudBusInput.errors' has 2 subscriber(s).
2026-04-09T16:31:10.529+02:00  INFO 15732 --- [configserver] [main] [                                                 ] o.s.i.a.i.AmqpInboundChannelAdapter      : started bean 'inbound.springCloudBus.anonymous.9-wQo9BdTS-lpya3hQ_a_g'
2026-04-09T16:31:10.547+02:00  INFO 15732 --- [configserver] [main] [                                                 ] o.s.boot.tomcat.TomcatWebServer          : Tomcat started on port 8889 (http) with context path '/'
2026-04-09T16:31:11.189+02:00  INFO 15732 --- [configserver] [http-nio-8889-exec-1] [                                                 ] o.a.c.c.C.[Tomcat].[localhost].[/]       : Initializing Spring DispatcherServlet 'dispatcherServlet'
2026-04-09T16:31:11.190+02:00  INFO 15732 --- [configserver] [http-nio-8889-exec-1] [                                                 ] o.s.web.servlet.DispatcherServlet        : Initializing Servlet 'dispatcherServlet'
2026-04-09T16:31:11.192+02:00  INFO 15732 --- [configserver] [http-nio-8889-exec-1] [                                                 ] o.s.web.servlet.DispatcherServlet        : Completed initialization in 2 ms
2026-04-09T16:31:11.342+02:00  INFO 15732 --- [configserver] [http-nio-8889-exec-1] [69d7b82fe1b52cca1e9d74e054b51571-1e9d74e054b51571] figuration$IntegrationJmxConfiguration$1 : Registering MessageChannel rabbit-1637577782.springCloudBusInput.errors
2026-04-09T16:31:11.555+02:00  INFO 15732 --- [configserver] [main] [                                                 ] o.s.cloud.commons.util.InetUtils         : Cannot determine local hostname
2026-04-09T16:31:12.561+02:00  INFO 15732 --- [configserver] [main] [                                                 ] o.s.cloud.commons.util.InetUtils         : Cannot determine local hostname
2026-04-09T16:31:12.595+02:00  INFO 15732 --- [configserver] [main] [                                                 ] c.l.e.c.ConfigserverApplication          : Started ConfigserverApplication in 14.175 seconds (process running for 16.185)
2026-04-09T16:31:56.597+02:00  INFO 15732 --- [configserver] [http-nio-8889-exec-7] [69d7b85cee73776bb1cb39301ba7af4c-66a3bd09ce5df6ef] o.s.c.c.s.e.NativeEnvironmentRepository  : Adding property source: Config resource 'file [C:\Users\leoga\Formación\Proyectos\Course 1\ecom-microservices\configserver\src\main\resources\config\order-service.yml]' via location 'file:///C:\Users\leoga\Formación\Proyectos\Course 1\ecom-microservices\configserver\src\main\resources\config/'
2026-04-09T16:31:57.245+02:00  INFO 15732 --- [configserver] [http-nio-8889-exec-8] [69d7b85dc59973702db5255f0cb4b261-c79f14de9af44444] o.s.c.c.s.e.NativeEnvironmentRepository  : Adding property source: Config resource 'file [C:\Users\leoga\Formación\Proyectos\Course 1\ecom-microservices\configserver\src\main\resources\config\order-service.yml]' via location 'file:///C:\Users\leoga\Formación\Proyectos\Course 1\ecom-microservices\configserver\src\main\resources\config/'
2026-04-09T16:31:59.159+02:00  INFO 15732 --- [configserver] [http-nio-8889-exec-9] [69d7b85fc7797f3c75c37ec3b8ea722a-24eaf6ee0342212a] o.s.c.c.s.e.NativeEnvironmentRepository  : Adding property source: Config resource 'file [C:\Users\leoga\Formación\Proyectos\Course 1\ecom-microservices\configserver\src\main\resources\config\user-service.yml]' via location 'file:///C:\Users\leoga\Formación\Proyectos\Course 1\ecom-microservices\configserver\src\main\resources\config/'
2026-04-09T16:31:59.560+02:00  INFO 15732 --- [configserver] [http-nio-8889-exec-1] [69d7b85f218bd822b4937b9be9859178-44207c68575ef1a1] o.s.c.c.s.e.NativeEnvironmentRepository  : Adding property source: Config resource 'file [C:\Users\leoga\Formación\Proyectos\Course 1\ecom-microservices\configserver\src\main\resources\config\user-service.yml]' via location 'file:///C:\Users\leoga\Formación\Proyectos\Course 1\ecom-microservices\configserver\src\main\resources\config/'
2026-04-09T16:32:02.303+02:00  INFO 15732 --- [configserver] [http-nio-8889-exec-3] [69d7b862eeb2f95cec45becd2bfbe9b7-1348dc302faf2cce] o.s.c.c.s.e.NativeEnvironmentRepository  : Adding property source: Config resource 'file [C:\Users\leoga\Formación\Proyectos\Course 1\ecom-microservices\configserver\src\main\resources\config\product-service.yml]' via location 'file:///C:\Users\leoga\Formación\Proyectos\Course 1\ecom-microservices\configserver\src\main\resources\config/'
2026-04-09T16:32:02.718+02:00  INFO 15732 --- [configserver] [http-nio-8889-exec-4] [69d7b862c25751e2ce59c8a460690858-4f33d2db66587987] o.s.c.c.s.e.NativeEnvironmentRepository  : Adding property source: Config resource 'file [C:\Users\leoga\Formación\Proyectos\Course 1\ecom-microservices\configserver\src\main\resources\config\product-service.yml]' via location 'file:///C:\Users\leoga\Formación\Proyectos\Course 1\ecom-microservices\configserver\src\main\resources\config/'
2026-04-09T16:33:56.515+02:00  INFO 15732 --- [configserver] [http-nio-8889-exec-6] [69d7b8d4a02dea0f6b90ac8da2678a60-b34456bc27154a2d] o.s.c.c.s.e.NativeEnvironmentRepository  : Adding property source: Config resource 'file [C:\Users\leoga\Formación\Proyectos\Course 1\ecom-microservices\configserver\src\main\resources\config\notification-service.yml]' via location 'file:///C:\Users\leoga\Formación\Proyectos\Course 1\ecom-microservices\configserver\src\main\resources\config/'
2026-04-09T16:33:56.798+02:00  INFO 15732 --- [configserver] [http-nio-8889-exec-7] [69d7b8d487b559f48cf9f9957be3d40a-fc65e2d653f49bff] o.s.c.c.s.e.NativeEnvironmentRepository  : Adding property source: Config resource 'file [C:\Users\leoga\Formación\Proyectos\Course 1\ecom-microservices\configserver\src\main\resources\config\notification-service.yml]' via location 'file:///C:\Users\leoga\Formación\Proyectos\Course 1\ecom-microservices\configserver\src\main\resources\config/'
2026-04-09T16:33:58.038+02:00  INFO 15732 --- [configserver] [http-nio-8889-exec-8] [69d7b8d67c7cdfd39ee4c8537e412186-a88eb77785947cf5] o.s.c.c.s.e.NativeEnvironmentRepository  : Adding property source: Config resource 'file [C:\Users\leoga\Formación\Proyectos\Course 1\ecom-microservices\configserver\src\main\resources\config\product-service.yml]' via location 'file:///C:\Users\leoga\Formación\Proyectos\Course 1\ecom-microservices\configserver\src\main\resources\config/'
2026-04-09T16:33:58.878+02:00  INFO 15732 --- [configserver] [http-nio-8889-exec-9] [69d7b8d6f79e03c209e4f24f7f1bfc96-444bc0f702be0a00] o.s.c.c.s.e.NativeEnvironmentRepository  : Adding property source: Config resource 'file [C:\Users\leoga\Formación\Proyectos\Course 1\ecom-microservices\configserver\src\main\resources\config\product-service.yml]' via location 'file:///C:\Users\leoga\Formación\Proyectos\Course 1\ecom-microservices\configserver\src\main\resources\config/'
2026-04-09T16:34:01.807+02:00  INFO 15732 --- [configserver] [http-nio-8889-exec-1] [69d7b8d985f65f1f34bbbb9c1afcc621-16ecf95a403a3663] o.s.c.c.s.e.NativeEnvironmentRepository  : Adding property source: Config resource 'file [C:\Users\leoga\Formación\Proyectos\Course 1\ecom-microservices\configserver\src\main\resources\config\order-service.yml]' via location 'file:///C:\Users\leoga\Formación\Proyectos\Course 1\ecom-microservices\configserver\src\main\resources\config/'
2026-04-09T16:34:02.207+02:00  INFO 15732 --- [configserver] [http-nio-8889-exec-3] [69d7b8da3a2ad383a010ab6eaa6f3ab9-4042631fbb95fcb6] o.s.c.c.s.e.NativeEnvironmentRepository  : Adding property source: Config resource 'file [C:\Users\leoga\Formación\Proyectos\Course 1\ecom-microservices\configserver\src\main\resources\config\order-service.yml]' via location 'file:///C:\Users\leoga\Formación\Proyectos\Course 1\ecom-microservices\configserver\src\main\resources\config/'
2026-04-09T16:35:40.576+02:00  INFO 15732 --- [configserver] [http-nio-8889-exec-9] [69d7b93c0e5065461e1649f9cbe1a049-06a96244a892d5e4] o.s.c.c.s.e.NativeEnvironmentRepository  : Adding property source: Config resource 'file [C:\Users\leoga\Formación\Proyectos\Course 1\ecom-microservices\configserver\src\main\resources\config\product-service.yml]' via location 'file:///C:\Users\leoga\Formación\Proyectos\Course 1\ecom-microservices\configserver\src\main\resources\config/'
2026-04-09T16:35:40.938+02:00  INFO 15732 --- [configserver] [http-nio-8889-exec-10] [69d7b93c5f550ccc5a646c950562fa84-219e6ec571615ef0] o.s.c.c.s.e.NativeEnvironmentRepository  : Adding property source: Config resource 'file [C:\Users\leoga\Formación\Proyectos\Course 1\ecom-microservices\configserver\src\main\resources\config\product-service.yml]' via location 'file:///C:\Users\leoga\Formación\Proyectos\Course 1\ecom-microservices\configserver\src\main\resources\config/'
2026-04-09T16:36:49.902+02:00  INFO 15732 --- [configserver] [http-nio-8889-exec-5] [69d7b981fc889dfeee0a79bb6d8b3cb5-9fe37b7e5c8d9173] o.s.c.c.s.e.NativeEnvironmentRepository  : Adding property source: Config resource 'file [C:\Users\leoga\Formación\Proyectos\Course 1\ecom-microservices\configserver\src\main\resources\config\order-service.yml]' via location 'file:///C:\Users\leoga\Formación\Proyectos\Course 1\ecom-microservices\configserver\src\main\resources\config/'
2026-04-09T16:36:50.227+02:00  INFO 15732 --- [configserver] [http-nio-8889-exec-7] [69d7b982ed728445ded3dfdfecc43141-ea4a05640aff9593] o.s.c.c.s.e.NativeEnvironmentRepository  : Adding property source: Config resource 'file [C:\Users\leoga\Formación\Proyectos\Course 1\ecom-microservices\configserver\src\main\resources\config\order-service.yml]' via location 'file:///C:\Users\leoga\Formación\Proyectos\Course 1\ecom-microservices\configserver\src\main\resources\config/'
2026-04-09T16:37:13.729+02:00  INFO 15732 --- [configserver] [http-nio-8889-exec-5] [69d7b999cccb6970d0f1eddf0a125606-151934dd918885ef] o.s.c.c.s.e.NativeEnvironmentRepository  : Adding property source: Config resource 'file [C:\Users\leoga\Formación\Proyectos\Course 1\ecom-microservices\configserver\src\main\resources\config\product-service.yml]' via location 'file:///C:\Users\leoga\Formación\Proyectos\Course 1\ecom-microservices\configserver\src\main\resources\config/'
2026-04-09T16:37:14.317+02:00  INFO 15732 --- [configserver] [http-nio-8889-exec-7] [69d7b99ae6d56f5bb7181f86b43d936a-b73bf8d677b7c013] o.s.c.c.s.e.NativeEnvironmentRepository  : Adding property source: Config resource 'file [C:\Users\leoga\Formación\Proyectos\Course 1\ecom-microservices\configserver\src\main\resources\config\product-service.yml]' via location 'file:///C:\Users\leoga\Formación\Proyectos\Course 1\ecom-microservices\configserver\src\main\resources\config/'
2026-04-09T16:37:49.953+02:00  INFO 15732 --- [configserver] [http-nio-8889-exec-10] [69d7b9bd619d10b21a5315808062949c-60da7c0f763dbcfe] o.s.c.c.s.e.NativeEnvironmentRepository  : Adding property source: Config resource 'file [C:\Users\leoga\Formación\Proyectos\Course 1\ecom-microservices\configserver\src\main\resources\config\order-service.yml]' via location 'file:///C:\Users\leoga\Formación\Proyectos\Course 1\ecom-microservices\configserver\src\main\resources\config/'
2026-04-09T16:37:50.339+02:00  INFO 15732 --- [configserver] [http-nio-8889-exec-2] [69d7b9be403100a14111867cdd6f5875-7e75a4ae9a942a32] o.s.c.c.s.e.NativeEnvironmentRepository  : Adding property source: Config resource 'file [C:\Users\leoga\Formación\Proyectos\Course 1\ecom-microservices\configserver\src\main\resources\config\order-service.yml]' via location 'file:///C:\Users\leoga\Formación\Proyectos\Course 1\ecom-microservices\configserver\src\main\resources\config/'
2026-04-09T16:38:26.335+02:00  INFO 15732 --- [configserver] [http-nio-8889-exec-6] [69d7b9e215dae73e865eedf58d57bf10-b944c21303697afe] o.s.c.c.s.e.NativeEnvironmentRepository  : Adding property source: Config resource 'file [C:\Users\leoga\Formación\Proyectos\Course 1\ecom-microservices\configserver\src\main\resources\config\gateway-service.yml]' via location 'file:///C:\Users\leoga\Formación\Proyectos\Course 1\ecom-microservices\configserver\src\main\resources\config/'
2026-04-09T16:38:26.555+02:00  INFO 15732 --- [configserver] [http-nio-8889-exec-7] [69d7b9e2291398efd2cf4d54e284d886-7eb0a5336286448b] o.s.c.c.s.e.NativeEnvironmentRepository  : Adding property source: Config resource 'file [C:\Users\leoga\Formación\Proyectos\Course 1\ecom-microservices\configserver\src\main\resources\config\gateway-service.yml]' via location 'file:///C:\Users\leoga\Formación\Proyectos\Course 1\ecom-microservices\configserver\src\main\resources\config/'
2026-04-09T18:28:26.992+02:00  WARN 15732 --- [configserver] [AsyncReporter{ZipkinHttpClientSender{http://localhost:9411/api/v2/spans}}] [                                                 ] z.r.i.AsyncReporter$BoundedAsyncReporter : Spans were dropped due to exceptions. All subsequent errors will be logged at FINE level.
2026-04-09T18:28:27.169+02:00  WARN 15732 --- [configserver] [AsyncReporter{ZipkinHttpClientSender{http://localhost:9411/api/v2/spans}}] [                                                 ] z.r.i.AsyncReporter$BoundedAsyncReporter : Dropped 1 spans due to HttpTimeoutException(request timed out)

java.net.http.HttpTimeoutException: request timed out
	at java.net.http/jdk.internal.net.http.HttpClientImpl.send(HttpClientImpl.java:1042) ~[java.net.http:na]
	at java.net.http/jdk.internal.net.http.HttpClientFacade.send(HttpClientFacade.java:133) ~[java.net.http:na]
	at org.springframework.boot.zipkin.autoconfigure.ZipkinHttpClientSender.postSpans(ZipkinHttpClientSender.java:59) ~[spring-boot-zipkin-4.0.5.jar:4.0.5]
	at org.springframework.boot.zipkin.autoconfigure.HttpSender.postSpans(HttpSender.java:69) ~[spring-boot-zipkin-4.0.5.jar:4.0.5]
	at org.springframework.boot.zipkin.autoconfigure.HttpSender.postSpans(HttpSender.java:41) ~[spring-boot-zipkin-4.0.5.jar:4.0.5]
	at zipkin2.reporter.BaseHttpSender.send(BaseHttpSender.java:123) ~[zipkin-reporter-3.5.3.jar:na]
	at zipkin2.reporter.internal.AsyncReporter$BoundedAsyncReporter.flush(AsyncReporter.java:266) ~[zipkin-reporter-3.5.3.jar:na]
	at zipkin2.reporter.internal.AsyncReporter$Flusher.run(AsyncReporter.java:352) ~[zipkin-reporter-3.5.3.jar:na]
	at java.base/java.lang.Thread.run(Thread.java:1516) ~[na:na]

2026-04-09T18:48:22.664+02:00  INFO 15732 --- [configserver] [SpringApplicationShutdownHook] [                                                 ] o.s.boot.tomcat.GracefulShutdown         : Commencing graceful shutdown. Waiting for active requests to complete
2026-04-09T18:48:22.913+02:00  INFO 15732 --- [configserver] [tomcat-shutdown] [                                                 ] o.s.boot.tomcat.GracefulShutdown         : Graceful shutdown complete
2026-04-09T18:48:24.521+02:00  INFO 15732 --- [configserver] [SpringApplicationShutdownHook] [                                                 ] o.s.a.r.l.SimpleMessageListenerContainer : Waiting for workers to finish.
2026-04-09T18:48:24.543+02:00  INFO 15732 --- [configserver] [SpringApplicationShutdownHook] [                                                 ] o.s.a.r.l.SimpleMessageListenerContainer : Successfully waited for workers to finish.
2026-04-09T18:48:24.546+02:00  INFO 15732 --- [configserver] [SpringApplicationShutdownHook] [                                                 ] o.s.i.a.i.AmqpInboundChannelAdapter      : stopped bean 'inbound.springCloudBus.anonymous.9-wQo9BdTS-lpya3hQ_a_g'
2026-04-09T18:48:24.723+02:00  INFO 15732 --- [configserver] [SpringApplicationShutdownHook] [                                                 ] o.s.c.stream.binder.BinderErrorChannel   : Channel 'configserver.rabbit-1637577782.springCloudBusInput.errors' has 1 subscriber(s).
2026-04-09T18:48:24.817+02:00  INFO 15732 --- [configserver] [SpringApplicationShutdownHook] [                                                 ] o.s.c.stream.binder.BinderErrorChannel   : Channel 'configserver.rabbit-1637577782.springCloudBusInput.errors' has 0 subscriber(s).
2026-04-09T18:48:26.758+02:00  INFO 15732 --- [configserver] [SpringApplicationShutdownHook] [                                                 ] o.s.i.endpoint.EventDrivenConsumer       : Removing {logging-channel-adapter:_org.springframework.integration.errorLogger} as a subscriber to the 'errorChannel' channel
2026-04-09T18:48:26.758+02:00  INFO 15732 --- [configserver] [SpringApplicationShutdownHook] [                                                 ] o.s.i.channel.PublishSubscribeChannel    : Channel 'configserver.errorChannel' has 0 subscriber(s).
2026-04-09T18:48:26.759+02:00  INFO 15732 --- [configserver] [SpringApplicationShutdownHook] [                                                 ] o.s.i.endpoint.EventDrivenConsumer       : stopped bean '_org.springframework.integration.errorLogger'
2026-04-09T18:59:46.918+02:00  INFO 38964 --- [configserver] [main] [                                                 ] c.l.e.c.ConfigserverApplication          : Starting ConfigserverApplication using Java 26 with PID 38964 (C:\Users\leoga\Formación\Proyectos\Course 1\ecom-microservices\configserver\target\classes started by leoga in C:\Users\leoga\Formación\Proyectos\Course 1\ecom-microservices)
2026-04-09T18:59:46.921+02:00  INFO 38964 --- [configserver] [main] [                                                 ] c.l.e.c.ConfigserverApplication          : The following 1 profile is active: "native"
2026-04-09T18:59:48.683+02:00  INFO 38964 --- [configserver] [main] [                                                 ] faultConfiguringBeanFactoryPostProcessor : No bean named 'errorChannel' has been explicitly defined. Therefore, a default PublishSubscribeChannel will be created.
2026-04-09T18:59:48.701+02:00  INFO 38964 --- [configserver] [main] [                                                 ] faultConfiguringBeanFactoryPostProcessor : No bean named 'integrationHeaderChannelRegistry' has been explicitly defined. Therefore, a default DefaultHeaderChannelRegistry will be created.
2026-04-09T18:59:48.786+02:00  INFO 38964 --- [configserver] [main] [                                                 ] o.s.cloud.context.scope.GenericScope     : BeanFactory id=70885449-c5ae-32a6-93b9-4702dc81c920
2026-04-09T18:59:49.278+02:00  INFO 38964 --- [configserver] [main] [                                                 ] o.s.boot.tomcat.TomcatWebServer          : Tomcat initialized with port 8889 (http)
2026-04-09T18:59:49.295+02:00  INFO 38964 --- [configserver] [main] [                                                 ] o.apache.catalina.core.StandardService   : Starting service [Tomcat]
2026-04-09T18:59:49.295+02:00  INFO 38964 --- [configserver] [main] [                                                 ] o.apache.catalina.core.StandardEngine    : Starting Servlet engine: [Apache Tomcat/11.0.20]
2026-04-09T18:59:49.502+02:00  INFO 38964 --- [configserver] [main] [                                                 ] b.w.c.s.WebApplicationContextInitializer : Root WebApplicationContext: initialization completed in 2519 ms
2026-04-09T18:59:51.181+02:00  INFO 38964 --- [configserver] [main] [                                                 ] o.s.c.s.m.DirectWithAttributesChannel    : Channel 'configserver.springCloudBusInput' has 1 subscriber(s).
2026-04-09T18:59:52.487+02:00  INFO 38964 --- [configserver] [main] [                                                 ] o.s.cloud.commons.util.InetUtils         : Cannot determine local hostname
2026-04-09T18:59:53.818+02:00  INFO 38964 --- [configserver] [main] [                                                 ] o.s.cloud.commons.util.InetUtils         : Cannot determine local hostname
2026-04-09T18:59:54.012+02:00  INFO 38964 --- [configserver] [main] [                                                 ] o.s.b.a.e.web.EndpointLinksResolver      : Exposing 2 endpoints beneath base path '/actuator'
2026-04-09T18:59:54.173+02:00  INFO 38964 --- [configserver] [main] [                                                 ] figuration$IntegrationJmxConfiguration$1 : Registering MessageChannel errorChannel
2026-04-09T18:59:54.181+02:00  INFO 38964 --- [configserver] [main] [                                                 ] figuration$IntegrationJmxConfiguration$1 : Registering MessageChannel springCloudBusInput
2026-04-09T18:59:54.187+02:00  INFO 38964 --- [configserver] [main] [                                                 ] figuration$IntegrationJmxConfiguration$1 : Registering MessageChannel nullChannel
2026-04-09T18:59:54.192+02:00  INFO 38964 --- [configserver] [main] [                                                 ] figuration$IntegrationJmxConfiguration$1 : Registering MessageHandler _org.springframework.integration.errorLogger
2026-04-09T18:59:54.203+02:00  INFO 38964 --- [configserver] [main] [                                                 ] o.s.i.endpoint.EventDrivenConsumer       : Adding {logging-channel-adapter:_org.springframework.integration.errorLogger} as a subscriber to the 'errorChannel' channel
2026-04-09T18:59:54.204+02:00  INFO 38964 --- [configserver] [main] [                                                 ] o.s.i.channel.PublishSubscribeChannel    : Channel 'configserver.errorChannel' has 1 subscriber(s).
2026-04-09T18:59:54.204+02:00  INFO 38964 --- [configserver] [main] [                                                 ] o.s.i.endpoint.EventDrivenConsumer       : started bean '_org.springframework.integration.errorLogger'
2026-04-09T18:59:54.223+02:00  INFO 38964 --- [configserver] [main] [                                                 ] o.s.c.s.binder.DefaultBinderFactory      : Creating binder: rabbit
2026-04-09T18:59:54.223+02:00  INFO 38964 --- [configserver] [main] [                                                 ] o.s.c.s.binder.DefaultBinderFactory      : Constructing binder child context for rabbit
2026-04-09T18:59:54.316+02:00  INFO 38964 --- [configserver] [main] [                                                 ] o.s.c.s.binder.DefaultBinderFactory      : Caching the binder: rabbit
2026-04-09T18:59:54.331+02:00  INFO 38964 --- [configserver] [main] [                                                 ] c.s.b.r.p.RabbitExchangeQueueProvisioner : declaring queue for inbound: springCloudBus.anonymous.1Gnxf7CKQJy3ZtuHEoKzCg, bound to: springCloudBus
2026-04-09T18:59:54.339+02:00  INFO 38964 --- [configserver] [main] [                                                 ] o.s.a.r.c.CachingConnectionFactory       : Attempting to connect to: [cougar.rmq.cloudamqp.com:5672]
2026-04-09T18:59:55.381+02:00  INFO 38964 --- [configserver] [main] [                                                 ] o.s.a.r.c.CachingConnectionFactory       : Created new connection: rabbitConnectionFactory#5e0bba2f:0/SimpleConnection@6ac0fd1d [delegate=amqp://ldvtdtip@18.181.18.80:5672/ldvtdtip, localPort=56105]
2026-04-09T18:59:56.380+02:00  INFO 38964 --- [configserver] [main] [                                                 ] o.s.c.stream.binder.BinderErrorChannel   : Channel 'rabbit-1597802092.springCloudBusInput.errors' has 1 subscriber(s).
2026-04-09T18:59:56.381+02:00  INFO 38964 --- [configserver] [main] [                                                 ] o.s.c.stream.binder.BinderErrorChannel   : Channel 'rabbit-1597802092.springCloudBusInput.errors' has 2 subscriber(s).
2026-04-09T18:59:57.088+02:00  INFO 38964 --- [configserver] [main] [                                                 ] o.s.i.a.i.AmqpInboundChannelAdapter      : started bean 'inbound.springCloudBus.anonymous.1Gnxf7CKQJy3ZtuHEoKzCg'
2026-04-09T18:59:57.111+02:00  INFO 38964 --- [configserver] [main] [                                                 ] o.s.boot.tomcat.TomcatWebServer          : Tomcat started on port 8889 (http) with context path '/'
2026-04-09T18:59:58.121+02:00  INFO 38964 --- [configserver] [main] [                                                 ] o.s.cloud.commons.util.InetUtils         : Cannot determine local hostname
2026-04-09T18:59:59.132+02:00  INFO 38964 --- [configserver] [main] [                                                 ] o.s.cloud.commons.util.InetUtils         : Cannot determine local hostname
2026-04-09T18:59:59.173+02:00  INFO 38964 --- [configserver] [main] [                                                 ] figuration$IntegrationJmxConfiguration$1 : Registering MessageChannel rabbit-1597802092.springCloudBusInput.errors
2026-04-09T18:59:59.197+02:00  INFO 38964 --- [configserver] [main] [                                                 ] c.l.e.c.ConfigserverApplication          : Started ConfigserverApplication in 14.329 seconds (process running for 16.4)
2026-04-09T18:59:59.728+02:00  INFO 38964 --- [configserver] [RMI TCP Connection(3)-10.5.0.2] [                                                 ] o.a.c.c.C.[Tomcat].[localhost].[/]       : Initializing Spring DispatcherServlet 'dispatcherServlet'
2026-04-09T18:59:59.729+02:00  INFO 38964 --- [configserver] [RMI TCP Connection(3)-10.5.0.2] [                                                 ] o.s.web.servlet.DispatcherServlet        : Initializing Servlet 'dispatcherServlet'
2026-04-09T18:59:59.731+02:00  INFO 38964 --- [configserver] [RMI TCP Connection(3)-10.5.0.2] [                                                 ] o.s.web.servlet.DispatcherServlet        : Completed initialization in 2 ms
2026-04-09T19:01:35.592+02:00  INFO 38964 --- [configserver] [http-nio-8889-exec-3] [69d7db6f5e14711f6964c2c959e48739-92b40834b04d7fa6] o.s.c.c.s.e.NativeEnvironmentRepository  : Adding property source: Config resource 'file [C:\Users\leoga\Formación\Proyectos\Course 1\ecom-microservices\configserver\src\main\resources\config\product-service.yml]' via location 'file:///C:\Users\leoga\Formación\Proyectos\Course 1\ecom-microservices\configserver\src\main\resources\config/'
2026-04-09T19:01:36.194+02:00  INFO 38964 --- [configserver] [http-nio-8889-exec-7] [69d7db70ef182994b8492758f919c5d7-f0ac5b215473ad86] o.s.c.c.s.e.NativeEnvironmentRepository  : Adding property source: Config resource 'file [C:\Users\leoga\Formación\Proyectos\Course 1\ecom-microservices\configserver\src\main\resources\config\product-service.yml]' via location 'file:///C:\Users\leoga\Formación\Proyectos\Course 1\ecom-microservices\configserver\src\main\resources\config/'
2026-04-09T19:02:44.523+02:00  INFO 38964 --- [configserver] [http-nio-8889-exec-9] [69d7dbb4bbfbed77509de8aba0e4e37a-cff298f4543e0636] o.s.c.c.s.e.NativeEnvironmentRepository  : Adding property source: Config resource 'file [C:\Users\leoga\Formación\Proyectos\Course 1\ecom-microservices\configserver\src\main\resources\config\gateway-service.yml]' via location 'file:///C:\Users\leoga\Formación\Proyectos\Course 1\ecom-microservices\configserver\src\main\resources\config/'
2026-04-09T19:02:44.737+02:00  INFO 38964 --- [configserver] [http-nio-8889-exec-4] [69d7dbb4c3470da89f9331b904e17c1c-206cf12b96baff6c] o.s.c.c.s.e.NativeEnvironmentRepository  : Adding property source: Config resource 'file [C:\Users\leoga\Formación\Proyectos\Course 1\ecom-microservices\configserver\src\main\resources\config\gateway-service.yml]' via location 'file:///C:\Users\leoga\Formación\Proyectos\Course 1\ecom-microservices\configserver\src\main\resources\config/'
2026-04-09T19:05:09.608+02:00  INFO 38964 --- [configserver] [SpringApplicationShutdownHook] [                                                 ] o.s.boot.tomcat.GracefulShutdown         : Commencing graceful shutdown. Waiting for active requests to complete
2026-04-09T19:05:09.618+02:00  INFO 38964 --- [configserver] [tomcat-shutdown] [                                                 ] o.s.boot.tomcat.GracefulShutdown         : Graceful shutdown complete
2026-04-09T19:05:09.860+02:00  INFO 38964 --- [configserver] [SpringApplicationShutdownHook] [                                                 ] o.s.a.r.l.SimpleMessageListenerContainer : Waiting for workers to finish.
2026-04-09T19:05:10.269+02:00  INFO 38964 --- [configserver] [SpringApplicationShutdownHook] [                                                 ] o.s.a.r.l.SimpleMessageListenerContainer : Successfully waited for workers to finish.
2026-04-09T19:05:10.270+02:00  INFO 38964 --- [configserver] [SpringApplicationShutdownHook] [                                                 ] o.s.i.a.i.AmqpInboundChannelAdapter      : stopped bean 'inbound.springCloudBus.anonymous.1Gnxf7CKQJy3ZtuHEoKzCg'
2026-04-09T19:05:10.271+02:00  INFO 38964 --- [configserver] [SpringApplicationShutdownHook] [                                                 ] o.s.c.stream.binder.BinderErrorChannel   : Channel 'configserver.rabbit-1597802092.springCloudBusInput.errors' has 1 subscriber(s).
2026-04-09T19:05:10.272+02:00  INFO 38964 --- [configserver] [SpringApplicationShutdownHook] [                                                 ] o.s.c.stream.binder.BinderErrorChannel   : Channel 'configserver.rabbit-1597802092.springCloudBusInput.errors' has 0 subscriber(s).
2026-04-09T19:05:10.786+02:00  INFO 38964 --- [configserver] [SpringApplicationShutdownHook] [                                                 ] o.s.i.endpoint.EventDrivenConsumer       : Removing {logging-channel-adapter:_org.springframework.integration.errorLogger} as a subscriber to the 'errorChannel' channel
2026-04-09T19:05:10.786+02:00  INFO 38964 --- [configserver] [SpringApplicationShutdownHook] [                                                 ] o.s.i.channel.PublishSubscribeChannel    : Channel 'configserver.errorChannel' has 0 subscriber(s).
2026-04-09T19:05:10.786+02:00  INFO 38964 --- [configserver] [SpringApplicationShutdownHook] [                                                 ] o.s.i.endpoint.EventDrivenConsumer       : stopped bean '_org.springframework.integration.errorLogger'
2026-04-09T19:14:09.264+02:00  INFO 21920 --- [configserver] [main] [                                                 ] c.l.e.c.ConfigserverApplication          : Starting ConfigserverApplication using Java 26 with PID 21920 (C:\Users\leoga\Formación\Proyectos\Course 1\ecom-microservices\configserver\target\classes started by leoga in C:\Users\leoga\Formación\Proyectos\Course 1\ecom-microservices)
2026-04-09T19:14:09.267+02:00  INFO 21920 --- [configserver] [main] [                                                 ] c.l.e.c.ConfigserverApplication          : The following 1 profile is active: "git"
2026-04-09T19:14:10.876+02:00  INFO 21920 --- [configserver] [main] [                                                 ] faultConfiguringBeanFactoryPostProcessor : No bean named 'errorChannel' has been explicitly defined. Therefore, a default PublishSubscribeChannel will be created.
2026-04-09T19:14:10.886+02:00  INFO 21920 --- [configserver] [main] [                                                 ] faultConfiguringBeanFactoryPostProcessor : No bean named 'integrationHeaderChannelRegistry' has been explicitly defined. Therefore, a default DefaultHeaderChannelRegistry will be created.
2026-04-09T19:14:10.941+02:00  INFO 21920 --- [configserver] [main] [                                                 ] o.s.cloud.context.scope.GenericScope     : BeanFactory id=c6ce306a-3084-3ca4-acd8-d436cb361c71
2026-04-09T19:14:11.372+02:00  INFO 21920 --- [configserver] [main] [                                                 ] o.s.boot.tomcat.TomcatWebServer          : Tomcat initialized with port 8889 (http)
2026-04-09T19:14:11.389+02:00  INFO 21920 --- [configserver] [main] [                                                 ] o.apache.catalina.core.StandardService   : Starting service [Tomcat]
2026-04-09T19:14:11.389+02:00  INFO 21920 --- [configserver] [main] [                                                 ] o.apache.catalina.core.StandardEngine    : Starting Servlet engine: [Apache Tomcat/11.0.20]
2026-04-09T19:14:11.584+02:00  INFO 21920 --- [configserver] [main] [                                                 ] b.w.c.s.WebApplicationContextInitializer : Root WebApplicationContext: initialization completed in 2265 ms
2026-04-09T19:14:13.013+02:00  INFO 21920 --- [configserver] [main] [                                                 ] o.s.c.s.m.DirectWithAttributesChannel    : Channel 'configserver.springCloudBusInput' has 1 subscriber(s).
2026-04-09T19:14:14.481+02:00  INFO 21920 --- [configserver] [main] [                                                 ] o.s.cloud.commons.util.InetUtils         : Cannot determine local hostname
2026-04-09T19:14:15.782+02:00  INFO 21920 --- [configserver] [main] [                                                 ] o.s.cloud.commons.util.InetUtils         : Cannot determine local hostname
2026-04-09T19:14:15.869+02:00  INFO 21920 --- [configserver] [main] [                                                 ] o.s.b.a.e.web.EndpointLinksResolver      : Exposing 2 endpoints beneath base path '/actuator'
2026-04-09T19:14:16.006+02:00  INFO 21920 --- [configserver] [main] [                                                 ] figuration$IntegrationJmxConfiguration$1 : Registering MessageChannel errorChannel
2026-04-09T19:14:16.013+02:00  INFO 21920 --- [configserver] [main] [                                                 ] figuration$IntegrationJmxConfiguration$1 : Registering MessageChannel springCloudBusInput
2026-04-09T19:14:16.017+02:00  INFO 21920 --- [configserver] [main] [                                                 ] figuration$IntegrationJmxConfiguration$1 : Registering MessageChannel nullChannel
2026-04-09T19:14:16.021+02:00  INFO 21920 --- [configserver] [main] [                                                 ] figuration$IntegrationJmxConfiguration$1 : Registering MessageHandler _org.springframework.integration.errorLogger
2026-04-09T19:14:16.032+02:00  INFO 21920 --- [configserver] [main] [                                                 ] o.s.i.endpoint.EventDrivenConsumer       : Adding {logging-channel-adapter:_org.springframework.integration.errorLogger} as a subscriber to the 'errorChannel' channel
2026-04-09T19:14:16.032+02:00  INFO 21920 --- [configserver] [main] [                                                 ] o.s.i.channel.PublishSubscribeChannel    : Channel 'configserver.errorChannel' has 1 subscriber(s).
2026-04-09T19:14:16.032+02:00  INFO 21920 --- [configserver] [main] [                                                 ] o.s.i.endpoint.EventDrivenConsumer       : started bean '_org.springframework.integration.errorLogger'
2026-04-09T19:14:16.047+02:00  INFO 21920 --- [configserver] [main] [                                                 ] o.s.c.s.binder.DefaultBinderFactory      : Creating binder: rabbit
2026-04-09T19:14:16.048+02:00  INFO 21920 --- [configserver] [main] [                                                 ] o.s.c.s.binder.DefaultBinderFactory      : Constructing binder child context for rabbit
2026-04-09T19:14:16.122+02:00  INFO 21920 --- [configserver] [main] [                                                 ] o.s.c.s.binder.DefaultBinderFactory      : Caching the binder: rabbit
2026-04-09T19:14:16.135+02:00  INFO 21920 --- [configserver] [main] [                                                 ] c.s.b.r.p.RabbitExchangeQueueProvisioner : declaring queue for inbound: springCloudBus.anonymous.jhqp5N4hSoOe6nlPRB080w, bound to: springCloudBus
2026-04-09T19:14:16.142+02:00  INFO 21920 --- [configserver] [main] [                                                 ] o.s.a.r.c.CachingConnectionFactory       : Attempting to connect to: [cougar.rmq.cloudamqp.com:5672]
2026-04-09T19:14:17.160+02:00  INFO 21920 --- [configserver] [main] [                                                 ] o.s.a.r.c.CachingConnectionFactory       : Created new connection: rabbitConnectionFactory#4cbb11e4:0/SimpleConnection@73839f22 [delegate=amqp://ldvtdtip@18.181.18.80:5672/ldvtdtip, localPort=59822]
2026-04-09T19:14:18.148+02:00  INFO 21920 --- [configserver] [main] [                                                 ] o.s.c.stream.binder.BinderErrorChannel   : Channel 'rabbit-1107476456.springCloudBusInput.errors' has 1 subscriber(s).
2026-04-09T19:14:18.149+02:00  INFO 21920 --- [configserver] [main] [                                                 ] o.s.c.stream.binder.BinderErrorChannel   : Channel 'rabbit-1107476456.springCloudBusInput.errors' has 2 subscriber(s).
2026-04-09T19:14:18.866+02:00  INFO 21920 --- [configserver] [main] [                                                 ] o.s.i.a.i.AmqpInboundChannelAdapter      : started bean 'inbound.springCloudBus.anonymous.jhqp5N4hSoOe6nlPRB080w'
2026-04-09T19:14:18.885+02:00  INFO 21920 --- [configserver] [main] [                                                 ] o.s.boot.tomcat.TomcatWebServer          : Tomcat started on port 8889 (http) with context path '/'
2026-04-09T19:14:19.893+02:00  INFO 21920 --- [configserver] [main] [                                                 ] o.s.cloud.commons.util.InetUtils         : Cannot determine local hostname
2026-04-09T19:14:20.565+02:00  INFO 21920 --- [configserver] [http-nio-8889-exec-1] [                                                 ] o.a.c.c.C.[Tomcat].[localhost].[/]       : Initializing Spring DispatcherServlet 'dispatcherServlet'
2026-04-09T19:14:20.566+02:00  INFO 21920 --- [configserver] [http-nio-8889-exec-1] [                                                 ] o.s.web.servlet.DispatcherServlet        : Initializing Servlet 'dispatcherServlet'
2026-04-09T19:14:20.568+02:00  INFO 21920 --- [configserver] [http-nio-8889-exec-1] [                                                 ] o.s.web.servlet.DispatcherServlet        : Completed initialization in 2 ms
2026-04-09T19:14:20.721+02:00  INFO 21920 --- [configserver] [http-nio-8889-exec-1] [69d7de6c0080427f52d0d06ebf2e4faa-52d0d06ebf2e4faa] figuration$IntegrationJmxConfiguration$1 : Registering MessageChannel rabbit-1107476456.springCloudBusInput.errors
2026-04-09T19:14:20.899+02:00  INFO 21920 --- [configserver] [main] [                                                 ] o.s.cloud.commons.util.InetUtils         : Cannot determine local hostname
2026-04-09T19:14:20.926+02:00  INFO 21920 --- [configserver] [main] [                                                 ] c.l.e.c.ConfigserverApplication          : Started ConfigserverApplication in 13.694 seconds (process running for 15.3)
2026-04-09T19:15:03.651+02:00  INFO 21920 --- [configserver] [http-nio-8889-exec-10] [69d7de9674041e69c5a3eb41e6eca74a-6178ba278216100b] o.s.c.c.s.e.NativeEnvironmentRepository  : Adding property source: Config resource 'file [C:\Users\leoga\AppData\Local\Temp\config-repo-2459652691254570250\ecom-microservices\notification-service-gitconfig.yml]' via location 'file:/C:/Users/leoga/AppData/Local/Temp/config-repo-2459652691254570250/ecom-microservices/'
2026-04-09T19:15:06.140+02:00  INFO 21920 --- [configserver] [http-nio-8889-exec-9] [69d7de99eaf4ad1124f9030255be4669-a9faac267230a02f] o.s.c.c.s.e.NativeEnvironmentRepository  : Adding property source: Config resource 'file [C:\Users\leoga\AppData\Local\Temp\config-repo-2459652691254570250\ecom-microservices\user-service-gitconfig.yml]' via location 'file:/C:/Users/leoga/AppData/Local/Temp/config-repo-2459652691254570250/ecom-microservices/'
2026-04-09T19:15:09.962+02:00  INFO 21920 --- [configserver] [http-nio-8889-exec-4] [69d7de9d5fa5885ececfebf5a6b9730c-f12b11014384bf46] o.s.c.c.s.e.NativeEnvironmentRepository  : Adding property source: Config resource 'file [C:\Users\leoga\AppData\Local\Temp\config-repo-2459652691254570250\ecom-microservices\order-service-gitconfig.yml]' via location 'file:/C:/Users/leoga/AppData/Local/Temp/config-repo-2459652691254570250/ecom-microservices/'
2026-04-09T19:15:13.186+02:00  INFO 21920 --- [configserver] [http-nio-8889-exec-6] [69d7dea0f0389e151fcf0cea3cf74f8b-f674c5acf5788ba2] o.s.c.c.s.e.NativeEnvironmentRepository  : Adding property source: Config resource 'file [C:\Users\leoga\AppData\Local\Temp\config-repo-2459652691254570250\ecom-microservices\product-service-gitconfig.yml]' via location 'file:/C:/Users/leoga/AppData/Local/Temp/config-repo-2459652691254570250/ecom-microservices/'
2026-04-09T19:15:55.948+02:00  INFO 21920 --- [configserver] [http-nio-8889-exec-1] [69d7decbe5211ef62bbccf23c998ec1c-a70993638c77f534] o.s.c.c.s.e.NativeEnvironmentRepository  : Adding property source: Config resource 'file [C:\Users\leoga\AppData\Local\Temp\config-repo-2459652691254570250\ecom-microservices\gateway-service-gitconfig.yml]' via location 'file:/C:/Users/leoga/AppData/Local/Temp/config-repo-2459652691254570250/ecom-microservices/'
2026-04-09T19:16:09.836+02:00  WARN 21920 --- [configserver] [AsyncReporter{ZipkinHttpClientSender{http://localhost:9411/api/v2/spans}}] [                                                 ] z.r.i.AsyncReporter$BoundedAsyncReporter : Spans were dropped due to exceptions. All subsequent errors will be logged at FINE level.
2026-04-09T19:16:09.837+02:00  WARN 21920 --- [configserver] [AsyncReporter{ZipkinHttpClientSender{http://localhost:9411/api/v2/spans}}] [                                                 ] z.r.i.AsyncReporter$BoundedAsyncReporter : Dropped 1 spans due to HttpTimeoutException(request timed out)

java.net.http.HttpTimeoutException: request timed out
	at java.net.http/jdk.internal.net.http.HttpClientImpl.send(HttpClientImpl.java:1042) ~[java.net.http:na]
	at java.net.http/jdk.internal.net.http.HttpClientFacade.send(HttpClientFacade.java:133) ~[java.net.http:na]
	at org.springframework.boot.zipkin.autoconfigure.ZipkinHttpClientSender.postSpans(ZipkinHttpClientSender.java:59) ~[spring-boot-zipkin-4.0.5.jar:4.0.5]
	at org.springframework.boot.zipkin.autoconfigure.HttpSender.postSpans(HttpSender.java:69) ~[spring-boot-zipkin-4.0.5.jar:4.0.5]
	at org.springframework.boot.zipkin.autoconfigure.HttpSender.postSpans(HttpSender.java:41) ~[spring-boot-zipkin-4.0.5.jar:4.0.5]
	at zipkin2.reporter.BaseHttpSender.send(BaseHttpSender.java:123) ~[zipkin-reporter-3.5.3.jar:na]
	at zipkin2.reporter.internal.AsyncReporter$BoundedAsyncReporter.flush(AsyncReporter.java:266) ~[zipkin-reporter-3.5.3.jar:na]
	at zipkin2.reporter.internal.AsyncReporter$Flusher.run(AsyncReporter.java:352) ~[zipkin-reporter-3.5.3.jar:na]
	at java.base/java.lang.Thread.run(Thread.java:1516) ~[na:na]

2026-04-09T21:58:27.559+02:00  INFO 21920 --- [configserver] [http-nio-8889-exec-8] [69d804e2216ac07e7ee0880fde502a98-71f37d37d263bb7e] o.s.c.c.s.e.NativeEnvironmentRepository  : Adding property source: Config resource 'file [C:\Users\leoga\AppData\Local\Temp\config-repo-2459652691254570250\ecom-microservices\gateway-service-gitconfig.yml]' via location 'file:/C:/Users/leoga/AppData/Local/Temp/config-repo-2459652691254570250/ecom-microservices/'
