2026-04-18T12:55:19.997+02:00  INFO 16804 --- [eureka-service] [main] [                                                 ] c.leoga.ecom.eureka.EurekaApplication    : Starting EurekaApplication using Java 26 with PID 16804 (C:\Users\leoga\Formación\Proyectos\Course 1\ecom-microservices\eureka\target\classes started by leoga in C:\Users\leoga\Formación\Proyectos\Course 1\ecom-microservices)
2026-04-18T12:55:20.008+02:00  INFO 16804 --- [eureka-service] [main] [                                                 ] c.leoga.ecom.eureka.EurekaApplication    : No active profile set, falling back to 1 default profile: "default"
2026-04-18T12:55:21.327+02:00  INFO 16804 --- [eureka-service] [main] [                                                 ] o.s.cloud.context.scope.GenericScope     : BeanFactory id=7a46ca84-da32-3ad9-bea3-dabc7f2a2772
2026-04-18T12:55:21.729+02:00  INFO 16804 --- [eureka-service] [main] [                                                 ] o.s.boot.tomcat.TomcatWebServer          : Tomcat initialized with port 8761 (http)
2026-04-18T12:55:21.744+02:00  INFO 16804 --- [eureka-service] [main] [                                                 ] o.apache.catalina.core.StandardService   : Starting service [Tomcat]
2026-04-18T12:55:21.745+02:00  INFO 16804 --- [eureka-service] [main] [                                                 ] o.apache.catalina.core.StandardEngine    : Starting Servlet engine: [Apache Tomcat/11.0.20]
2026-04-18T12:55:21.956+02:00  INFO 16804 --- [eureka-service] [main] [                                                 ] b.w.c.s.WebApplicationContextInitializer : Root WebApplicationContext: initialization completed in 1884 ms
2026-04-18T12:55:23.615+02:00  INFO 16804 --- [eureka-service] [main] [                                                 ] c.n.d.provider.DiscoveryJerseyProvider   : Using JSON encoding codec LegacyJacksonJson
2026-04-18T12:55:23.616+02:00  INFO 16804 --- [eureka-service] [main] [                                                 ] c.n.d.provider.DiscoveryJerseyProvider   : Using JSON decoding codec LegacyJacksonJson
2026-04-18T12:55:23.883+02:00  INFO 16804 --- [eureka-service] [main] [                                                 ] c.n.d.provider.DiscoveryJerseyProvider   : Using XML encoding codec XStreamXml
2026-04-18T12:55:23.883+02:00  INFO 16804 --- [eureka-service] [main] [                                                 ] c.n.d.provider.DiscoveryJerseyProvider   : Using XML decoding codec XStreamXml
2026-04-18T12:55:24.058+02:00  INFO 16804 --- [eureka-service] [main] [                                                 ] o.s.v.b.OptionalValidatorFactoryBean     : Failed to set up a Bean Validation provider: jakarta.validation.NoProviderFoundException: Unable to create a Configuration, because no Jakarta Validation provider could be found. Add a provider like Hibernate Validator (RI) to your classpath.
2026-04-18T12:55:25.514+02:00  INFO 16804 --- [eureka-service] [main] [                                                 ] o.s.cloud.commons.util.InetUtils         : Cannot determine local hostname
2026-04-18T12:55:26.895+02:00  INFO 16804 --- [eureka-service] [main] [                                                 ] o.s.cloud.commons.util.InetUtils         : Cannot determine local hostname
2026-04-18T12:55:26.940+02:00  WARN 16804 --- [eureka-service] [main] [                                                 ] iguration$LoadBalancerCaffeineWarnLogger : Spring Cloud LoadBalancer is currently working with the default cache. While this cache implementation is useful for development and tests, it's recommended to use Caffeine cache in production.You can switch to using Caffeine cache, by adding it and org.springframework.cache.caffeine.CaffeineCacheManager to the classpath.
2026-04-18T12:55:26.964+02:00  INFO 16804 --- [eureka-service] [main] [                                                 ] o.s.c.n.eureka.InstanceInfoFactory       : Setting initial instance status as: STARTING
2026-04-18T12:55:26.991+02:00  INFO 16804 --- [eureka-service] [main] [                                                 ] com.netflix.discovery.DiscoveryClient    : Initializing Eureka in region us-east-1
2026-04-18T12:55:26.991+02:00  INFO 16804 --- [eureka-service] [main] [                                                 ] com.netflix.discovery.DiscoveryClient    : Client configured to neither register nor query for data.
2026-04-18T12:55:26.994+02:00  INFO 16804 --- [eureka-service] [main] [                                                 ] com.netflix.discovery.DiscoveryClient    : Discovery Client initialized at timestamp 1776509726993 with initial instances count: 0
2026-04-18T12:55:27.046+02:00  INFO 16804 --- [eureka-service] [main] [                                                 ] c.n.eureka.DefaultEurekaServerContext    : Initializing ...
2026-04-18T12:55:27.048+02:00  WARN 16804 --- [eureka-service] [main] [                                                 ] c.n.eureka.cluster.PeerEurekaNodes       : The replica size seems to be empty. Check the route 53 DNS Registry
2026-04-18T12:55:27.060+02:00  INFO 16804 --- [eureka-service] [main] [                                                 ] c.n.e.registry.AbstractInstanceRegistry  : Finished initializing remote region registries. All known remote regions: []
2026-04-18T12:55:27.060+02:00  INFO 16804 --- [eureka-service] [main] [                                                 ] c.n.eureka.DefaultEurekaServerContext    : Initialized
2026-04-18T12:55:27.070+02:00  INFO 16804 --- [eureka-service] [main] [                                                 ] o.s.b.a.e.web.EndpointLinksResolver      : Exposing 18 endpoints beneath base path '/actuator'
2026-04-18T12:55:27.189+02:00  INFO 16804 --- [eureka-service] [main] [                                                 ] o.s.c.n.e.s.EurekaServiceRegistry        : Registering application EUREKA-SERVICE with eureka with status UP
2026-04-18T12:55:27.213+02:00  INFO 16804 --- [eureka-service] [Thread-10] [                                                 ] o.s.c.n.e.server.EurekaServerBootstrap   : isAws returned false
2026-04-18T12:55:27.215+02:00  INFO 16804 --- [eureka-service] [Thread-10] [                                                 ] o.s.c.n.e.server.EurekaServerBootstrap   : Initialized server context
2026-04-18T12:55:27.215+02:00  INFO 16804 --- [eureka-service] [main] [                                                 ] o.s.boot.tomcat.TomcatWebServer          : Tomcat started on port 8761 (http) with context path '/'
2026-04-18T12:55:27.215+02:00  INFO 16804 --- [eureka-service] [Thread-10] [                                                 ] c.n.e.r.PeerAwareInstanceRegistryImpl    : Got 1 instances from neighboring DS node
2026-04-18T12:55:27.215+02:00  INFO 16804 --- [eureka-service] [Thread-10] [                                                 ] c.n.e.r.PeerAwareInstanceRegistryImpl    : Renew threshold is: 1
2026-04-18T12:55:27.216+02:00  INFO 16804 --- [eureka-service] [Thread-10] [                                                 ] c.n.e.r.PeerAwareInstanceRegistryImpl    : Changing status to UP
2026-04-18T12:55:27.216+02:00  INFO 16804 --- [eureka-service] [main] [                                                 ] .s.c.n.e.s.EurekaAutoServiceRegistration : Updating port to 8761
2026-04-18T12:55:27.220+02:00  INFO 16804 --- [eureka-service] [Thread-10] [                                                 ] e.s.EurekaServerInitializerConfiguration : Started Eureka Server
2026-04-18T12:55:27.501+02:00  INFO 16804 --- [eureka-service] [http-nio-8761-exec-1] [                                                 ] o.a.c.c.C.[Tomcat].[localhost].[/]       : Initializing Spring DispatcherServlet 'dispatcherServlet'
2026-04-18T12:55:27.501+02:00  INFO 16804 --- [eureka-service] [http-nio-8761-exec-1] [                                                 ] o.s.web.servlet.DispatcherServlet        : Initializing Servlet 'dispatcherServlet'
2026-04-18T12:55:27.505+02:00  INFO 16804 --- [eureka-service] [http-nio-8761-exec-1] [                                                 ] o.s.web.servlet.DispatcherServlet        : Completed initialization in 3 ms
2026-04-18T12:55:28.225+02:00  INFO 16804 --- [eureka-service] [main] [                                                 ] o.s.cloud.commons.util.InetUtils         : Cannot determine local hostname
2026-04-18T12:55:28.233+02:00  INFO 16804 --- [eureka-service] [main] [                                                 ] c.leoga.ecom.eureka.EurekaApplication    : Started EurekaApplication in 9.992 seconds (process running for 11.751)
2026-04-18T12:56:27.218+02:00  INFO 16804 --- [eureka-service] [Eureka-EvictionTimer] [                                                 ] c.n.e.registry.AbstractInstanceRegistry  : Running the evict task with compensationTime 0ms
2026-04-18T12:57:06.414+02:00  INFO 16804 --- [eureka-service] [http-nio-8761-exec-5] [69e36382efb73422cf3350967d1c494a-cf3350967d1c494a] c.n.e.registry.AbstractInstanceRegistry  : Registered instance ORDER-SERVICE/localhost:order-service:8083 with status UP (replication=false)
2026-04-18T12:57:15.718+02:00  INFO 16804 --- [eureka-service] [http-nio-8761-exec-1] [69e3638b2ad5b292e25231d3f77fe77d-6c5230db6a06f839] c.n.e.registry.AbstractInstanceRegistry  : Registered instance USER-SERVICE/localhost:user-service:8082 with status UP (replication=false)
2026-04-18T12:57:17.118+02:00  INFO 16804 --- [eureka-service] [http-nio-8761-exec-3] [69e3638d011bf343b55c57589d6f9cdf-b4b5b9cd79023945] c.n.e.registry.AbstractInstanceRegistry  : Registered instance PRODUCT-SERVICE/localhost:product-service:8081 with status UP (replication=false)
2026-04-18T12:57:17.401+02:00  INFO 16804 --- [eureka-service] [http-nio-8761-exec-5] [69e3638dcb6f22181d8d1f1e2a06e032-1c53f44c85902181] c.n.e.registry.AbstractInstanceRegistry  : Registered instance NOTIFICATION-SERVICE/localhost:notification-service:8084 with status UP (replication=false)
2026-04-18T12:57:27.218+02:00  INFO 16804 --- [eureka-service] [Eureka-EvictionTimer] [                                                 ] c.n.e.registry.AbstractInstanceRegistry  : Running the evict task with compensationTime 0ms
2026-04-18T12:58:27.218+02:00  INFO 16804 --- [eureka-service] [Eureka-EvictionTimer] [                                                 ] c.n.e.registry.AbstractInstanceRegistry  : Running the evict task with compensationTime 0ms
2026-04-18T12:59:27.219+02:00  INFO 16804 --- [eureka-service] [Eureka-EvictionTimer] [                                                 ] c.n.e.registry.AbstractInstanceRegistry  : Running the evict task with compensationTime 0ms
2026-04-18T13:00:27.220+02:00  INFO 16804 --- [eureka-service] [Eureka-EvictionTimer] [                                                 ] c.n.e.registry.AbstractInstanceRegistry  : Running the evict task with compensationTime 0ms
2026-04-18T13:01:27.220+02:00  INFO 16804 --- [eureka-service] [Eureka-EvictionTimer] [                                                 ] c.n.e.registry.AbstractInstanceRegistry  : Running the evict task with compensationTime 0ms
2026-04-18T13:02:27.220+02:00  INFO 16804 --- [eureka-service] [Eureka-EvictionTimer] [                                                 ] c.n.e.registry.AbstractInstanceRegistry  : Running the evict task with compensationTime 0ms
2026-04-18T13:03:27.221+02:00  INFO 16804 --- [eureka-service] [Eureka-EvictionTimer] [                                                 ] c.n.e.registry.AbstractInstanceRegistry  : Running the evict task with compensationTime 0ms
2026-04-18T13:04:27.221+02:00  INFO 16804 --- [eureka-service] [Eureka-EvictionTimer] [                                                 ] c.n.e.registry.AbstractInstanceRegistry  : Running the evict task with compensationTime 0ms
2026-04-18T13:05:16.945+02:00  INFO 16804 --- [eureka-service] [http-nio-8761-exec-1] [69e3656cce5525d7bfd088c88f6ac53b-000f25f097972069] c.n.e.registry.AbstractInstanceRegistry  : Registered instance GATEWAY-SERVICE/localhost:gateway-service:8080 with status UP (replication=false)
2026-04-18T13:05:27.049+02:00  WARN 16804 --- [eureka-service] [Eureka-PeerNodesUpdater] [                                                 ] c.n.eureka.cluster.PeerEurekaNodes       : The replica size seems to be empty. Check the route 53 DNS Registry
2026-04-18T13:05:27.221+02:00  INFO 16804 --- [eureka-service] [Eureka-EvictionTimer] [                                                 ] c.n.e.registry.AbstractInstanceRegistry  : Running the evict task with compensationTime 0ms
2026-04-18T13:06:27.221+02:00  INFO 16804 --- [eureka-service] [Eureka-EvictionTimer] [                                                 ] c.n.e.registry.AbstractInstanceRegistry  : Running the evict task with compensationTime 0ms
2026-04-18T13:07:27.222+02:00  INFO 16804 --- [eureka-service] [Eureka-EvictionTimer] [                                                 ] c.n.e.registry.AbstractInstanceRegistry  : Running the evict task with compensationTime 0ms
2026-04-18T13:08:27.223+02:00  INFO 16804 --- [eureka-service] [Eureka-EvictionTimer] [                                                 ] c.n.e.registry.AbstractInstanceRegistry  : Running the evict task with compensationTime 0ms
2026-04-18T13:09:27.224+02:00  INFO 16804 --- [eureka-service] [Eureka-EvictionTimer] [                                                 ] c.n.e.registry.AbstractInstanceRegistry  : Running the evict task with compensationTime 1ms
2026-04-18T13:10:27.060+02:00  INFO 16804 --- [eureka-service] [ReplicaAwareInstanceRegistry - RenewalThresholdUpdater] [                                                 ] c.n.e.r.PeerAwareInstanceRegistryImpl    : Current renewal threshold is : 10
2026-04-18T13:10:27.224+02:00  INFO 16804 --- [eureka-service] [Eureka-EvictionTimer] [                                                 ] c.n.e.registry.AbstractInstanceRegistry  : Running the evict task with compensationTime 0ms
2026-04-18T13:11:27.224+02:00  INFO 16804 --- [eureka-service] [Eureka-EvictionTimer] [                                                 ] c.n.e.registry.AbstractInstanceRegistry  : Running the evict task with compensationTime 0ms
2026-04-18T13:11:46.063+02:00  INFO 16804 --- [eureka-service] [http-nio-8761-exec-1] [69e366f2d260facfa4eee0c85427751c-304b8909937a6f92] c.n.e.registry.AbstractInstanceRegistry  : Registered instance USER-SERVICE/localhost:user-service:8082 with status DOWN (replication=false)
2026-04-18T13:11:51.108+02:00  INFO 16804 --- [eureka-service] [http-nio-8761-exec-10] [69e366f738407fafae8f98c6421a8daf-76485b45eae2dc53] c.n.e.registry.AbstractInstanceRegistry  : Cancelled instance USER-SERVICE/localhost:user-service:8082 (replication=false)
2026-04-18T13:12:08.609+02:00  INFO 16804 --- [eureka-service] [http-nio-8761-exec-3] [69e367086c4edf7486937870ee9a502e-6a2fb29bb45cf7ed] c.n.e.registry.AbstractInstanceRegistry  : Registered instance USER-SERVICE/localhost:user-service:8082 with status UP (replication=false)
2026-04-18T13:12:27.225+02:00  INFO 16804 --- [eureka-service] [Eureka-EvictionTimer] [                                                 ] c.n.e.registry.AbstractInstanceRegistry  : Running the evict task with compensationTime 0ms
2026-04-18T13:13:27.226+02:00  INFO 16804 --- [eureka-service] [Eureka-EvictionTimer] [                                                 ] c.n.e.registry.AbstractInstanceRegistry  : Running the evict task with compensationTime 0ms
2026-04-18T13:14:27.226+02:00  INFO 16804 --- [eureka-service] [Eureka-EvictionTimer] [                                                 ] c.n.e.registry.AbstractInstanceRegistry  : Running the evict task with compensationTime 0ms
2026-04-18T13:15:27.054+02:00  WARN 16804 --- [eureka-service] [Eureka-PeerNodesUpdater] [                                                 ] c.n.eureka.cluster.PeerEurekaNodes       : The replica size seems to be empty. Check the route 53 DNS Registry
2026-04-18T13:15:27.234+02:00  INFO 16804 --- [eureka-service] [Eureka-EvictionTimer] [                                                 ] c.n.e.registry.AbstractInstanceRegistry  : Running the evict task with compensationTime 8ms
2026-04-18T13:16:27.243+02:00  INFO 16804 --- [eureka-service] [Eureka-EvictionTimer] [                                                 ] c.n.e.registry.AbstractInstanceRegistry  : Running the evict task with compensationTime 9ms
2026-04-18T13:17:27.250+02:00  INFO 16804 --- [eureka-service] [Eureka-EvictionTimer] [                                                 ] c.n.e.registry.AbstractInstanceRegistry  : Running the evict task with compensationTime 6ms
2026-04-18T13:18:27.256+02:00  INFO 16804 --- [eureka-service] [Eureka-EvictionTimer] [                                                 ] c.n.e.registry.AbstractInstanceRegistry  : Running the evict task with compensationTime 6ms
2026-04-18T13:19:27.262+02:00  INFO 16804 --- [eureka-service] [Eureka-EvictionTimer] [                                                 ] c.n.e.registry.AbstractInstanceRegistry  : Running the evict task with compensationTime 6ms
2026-04-18T13:20:27.264+02:00  INFO 16804 --- [eureka-service] [Eureka-EvictionTimer] [                                                 ] c.n.e.registry.AbstractInstanceRegistry  : Running the evict task with compensationTime 2ms
2026-04-18T13:21:27.264+02:00  INFO 16804 --- [eureka-service] [Eureka-EvictionTimer] [                                                 ] c.n.e.registry.AbstractInstanceRegistry  : Running the evict task with compensationTime 0ms
2026-04-18T13:22:27.273+02:00  INFO 16804 --- [eureka-service] [Eureka-EvictionTimer] [                                                 ] c.n.e.registry.AbstractInstanceRegistry  : Running the evict task with compensationTime 8ms
2026-04-18T13:23:27.274+02:00  INFO 16804 --- [eureka-service] [Eureka-EvictionTimer] [                                                 ] c.n.e.registry.AbstractInstanceRegistry  : Running the evict task with compensationTime 0ms
2026-04-18T13:24:27.274+02:00  INFO 16804 --- [eureka-service] [Eureka-EvictionTimer] [                                                 ] c.n.e.registry.AbstractInstanceRegistry  : Running the evict task with compensationTime 0ms
2026-04-18T13:25:27.061+02:00  WARN 16804 --- [eureka-service] [Eureka-PeerNodesUpdater] [                                                 ] c.n.eureka.cluster.PeerEurekaNodes       : The replica size seems to be empty. Check the route 53 DNS Registry
2026-04-18T13:25:27.061+02:00  INFO 16804 --- [eureka-service] [ReplicaAwareInstanceRegistry - RenewalThresholdUpdater] [                                                 ] c.n.e.r.PeerAwareInstanceRegistryImpl    : Current renewal threshold is : 10
2026-04-18T13:25:27.275+02:00  INFO 16804 --- [eureka-service] [Eureka-EvictionTimer] [                                                 ] c.n.e.registry.AbstractInstanceRegistry  : Running the evict task with compensationTime 0ms
2026-04-18T13:26:27.275+02:00  INFO 16804 --- [eureka-service] [Eureka-EvictionTimer] [                                                 ] c.n.e.registry.AbstractInstanceRegistry  : Running the evict task with compensationTime 0ms
2026-04-18T13:27:27.276+02:00  INFO 16804 --- [eureka-service] [Eureka-EvictionTimer] [                                                 ] c.n.e.registry.AbstractInstanceRegistry  : Running the evict task with compensationTime 0ms
2026-04-18T13:28:27.277+02:00  INFO 16804 --- [eureka-service] [Eureka-EvictionTimer] [                                                 ] c.n.e.registry.AbstractInstanceRegistry  : Running the evict task with compensationTime 0ms
2026-04-18T13:29:27.277+02:00  INFO 16804 --- [eureka-service] [Eureka-EvictionTimer] [                                                 ] c.n.e.registry.AbstractInstanceRegistry  : Running the evict task with compensationTime 0ms
2026-04-18T13:30:27.277+02:00  INFO 16804 --- [eureka-service] [Eureka-EvictionTimer] [                                                 ] c.n.e.registry.AbstractInstanceRegistry  : Running the evict task with compensationTime 0ms
2026-04-18T13:31:27.277+02:00  INFO 16804 --- [eureka-service] [Eureka-EvictionTimer] [                                                 ] c.n.e.registry.AbstractInstanceRegistry  : Running the evict task with compensationTime 0ms
2026-04-18T13:31:46.386+02:00  WARN 16804 --- [eureka-service] [AsyncReporter{ZipkinHttpClientSender{http://localhost:9411/api/v2/spans}}] [                                                 ] z.r.i.AsyncReporter$BoundedAsyncReporter : Spans were dropped due to exceptions. All subsequent errors will be logged at FINE level.
2026-04-18T13:31:46.387+02:00  WARN 16804 --- [eureka-service] [AsyncReporter{ZipkinHttpClientSender{http://localhost:9411/api/v2/spans}}] [                                                 ] z.r.i.AsyncReporter$BoundedAsyncReporter : Dropped 2 spans due to IOException(EOF reached while reading)

java.io.IOException: EOF reached while reading
	at java.net.http/jdk.internal.net.http.HttpClientImpl.send(HttpClientImpl.java:1059) ~[java.net.http:na]
	at java.net.http/jdk.internal.net.http.HttpClientFacade.send(HttpClientFacade.java:133) ~[java.net.http:na]
	at org.springframework.boot.zipkin.autoconfigure.ZipkinHttpClientSender.postSpans(ZipkinHttpClientSender.java:59) ~[spring-boot-zipkin-4.0.5.jar:4.0.5]
	at org.springframework.boot.zipkin.autoconfigure.HttpSender.postSpans(HttpSender.java:69) ~[spring-boot-zipkin-4.0.5.jar:4.0.5]
	at org.springframework.boot.zipkin.autoconfigure.HttpSender.postSpans(HttpSender.java:41) ~[spring-boot-zipkin-4.0.5.jar:4.0.5]
	at zipkin2.reporter.BaseHttpSender.send(BaseHttpSender.java:123) ~[zipkin-reporter-3.5.3.jar:na]
	at zipkin2.reporter.internal.AsyncReporter$BoundedAsyncReporter.flush(AsyncReporter.java:266) ~[zipkin-reporter-3.5.3.jar:na]
	at zipkin2.reporter.internal.AsyncReporter$Flusher.run(AsyncReporter.java:352) ~[zipkin-reporter-3.5.3.jar:na]
	at java.base/java.lang.Thread.run(Thread.java:1516) ~[na:na]
Caused by: java.io.EOFException: EOF reached while reading
	at java.net.http/jdk.internal.net.http.Http2Connection$Http2TubeSubscriber.onComplete(Http2Connection.java:1892) ~[java.net.http:na]
	at java.net.http/jdk.internal.net.http.SocketTube$InternalReadPublisher$ReadSubscription.signalCompletion(SocketTube.java:633) ~[java.net.http:na]
	at java.net.http/jdk.internal.net.http.SocketTube$InternalReadPublisher$InternalReadSubscription.read(SocketTube.java:856) ~[java.net.http:na]
	at java.net.http/jdk.internal.net.http.SocketTube$SocketFlowTask.run(SocketTube.java:181) ~[java.net.http:na]
	at java.net.http/jdk.internal.net.http.common.SequentialScheduler$SchedulableTask.run(SequentialScheduler.java:207) ~[java.net.http:na]
	at java.net.http/jdk.internal.net.http.common.SequentialScheduler.runOrSchedule(SequentialScheduler.java:280) ~[java.net.http:na]
	at java.net.http/jdk.internal.net.http.common.SequentialScheduler.runOrSchedule(SequentialScheduler.java:233) ~[java.net.http:na]
	at java.net.http/jdk.internal.net.http.SocketTube$InternalReadPublisher$InternalReadSubscription.signalReadable(SocketTube.java:785) ~[java.net.http:na]
	at java.net.http/jdk.internal.net.http.SocketTube$InternalReadPublisher$ReadEvent.signalEvent(SocketTube.java:999) ~[java.net.http:na]
	at java.net.http/jdk.internal.net.http.SocketTube$SocketFlowEvent.handle(SocketTube.java:253) ~[java.net.http:na]
	at java.net.http/jdk.internal.net.http.HttpClientImpl$SelectorManager.handleEvent(HttpClientImpl.java:1610) ~[java.net.http:na]
	at java.net.http/jdk.internal.net.http.HttpClientImpl$SelectorManager.lambda$run$3(HttpClientImpl.java:1555) ~[java.net.http:na]
	at java.base/java.util.ArrayList.forEach(ArrayList.java:1612) ~[na:na]
	at java.net.http/jdk.internal.net.http.HttpClientImpl$SelectorManager.run(HttpClientImpl.java:1555) ~[java.net.http:na]
	at java.base/java.lang.VirtualThread.run(VirtualThread.java:475) ~[na:na]

2026-04-18T13:32:27.277+02:00  INFO 16804 --- [eureka-service] [Eureka-EvictionTimer] [                                                 ] c.n.e.registry.AbstractInstanceRegistry  : Running the evict task with compensationTime 0ms
2026-04-18T13:33:27.278+02:00  INFO 16804 --- [eureka-service] [Eureka-EvictionTimer] [                                                 ] c.n.e.registry.AbstractInstanceRegistry  : Running the evict task with compensationTime 0ms
2026-04-18T13:34:27.278+02:00  INFO 16804 --- [eureka-service] [Eureka-EvictionTimer] [                                                 ] c.n.e.registry.AbstractInstanceRegistry  : Running the evict task with compensationTime 0ms
2026-04-18T13:35:27.062+02:00  WARN 16804 --- [eureka-service] [Eureka-PeerNodesUpdater] [                                                 ] c.n.eureka.cluster.PeerEurekaNodes       : The replica size seems to be empty. Check the route 53 DNS Registry
2026-04-18T13:35:27.279+02:00  INFO 16804 --- [eureka-service] [Eureka-EvictionTimer] [                                                 ] c.n.e.registry.AbstractInstanceRegistry  : Running the evict task with compensationTime 0ms
2026-04-18T13:36:27.279+02:00  INFO 16804 --- [eureka-service] [Eureka-EvictionTimer] [                                                 ] c.n.e.registry.AbstractInstanceRegistry  : Running the evict task with compensationTime 0ms
2026-04-18T13:37:27.279+02:00  INFO 16804 --- [eureka-service] [Eureka-EvictionTimer] [                                                 ] c.n.e.registry.AbstractInstanceRegistry  : Running the evict task with compensationTime 0ms
2026-04-18T13:38:27.280+02:00  INFO 16804 --- [eureka-service] [Eureka-EvictionTimer] [                                                 ] c.n.e.registry.AbstractInstanceRegistry  : Running the evict task with compensationTime 0ms
2026-04-18T13:39:27.281+02:00  INFO 16804 --- [eureka-service] [Eureka-EvictionTimer] [                                                 ] c.n.e.registry.AbstractInstanceRegistry  : Running the evict task with compensationTime 1ms
2026-04-18T13:40:27.062+02:00  INFO 16804 --- [eureka-service] [ReplicaAwareInstanceRegistry - RenewalThresholdUpdater] [                                                 ] c.n.e.r.PeerAwareInstanceRegistryImpl    : Current renewal threshold is : 10
2026-04-18T13:40:27.285+02:00  INFO 16804 --- [eureka-service] [Eureka-EvictionTimer] [                                                 ] c.n.e.registry.AbstractInstanceRegistry  : Running the evict task with compensationTime 4ms
2026-04-18T13:41:27.292+02:00  INFO 16804 --- [eureka-service] [Eureka-EvictionTimer] [                                                 ] c.n.e.registry.AbstractInstanceRegistry  : Running the evict task with compensationTime 7ms
2026-04-18T13:42:27.306+02:00  INFO 16804 --- [eureka-service] [Eureka-EvictionTimer] [                                                 ] c.n.e.registry.AbstractInstanceRegistry  : Running the evict task with compensationTime 13ms
2026-04-18T13:43:27.320+02:00  INFO 16804 --- [eureka-service] [Eureka-EvictionTimer] [                                                 ] c.n.e.registry.AbstractInstanceRegistry  : Running the evict task with compensationTime 14ms
2026-04-18T13:44:27.321+02:00  INFO 16804 --- [eureka-service] [Eureka-EvictionTimer] [                                                 ] c.n.e.registry.AbstractInstanceRegistry  : Running the evict task with compensationTime 1ms
2026-04-18T13:45:27.073+02:00  WARN 16804 --- [eureka-service] [Eureka-PeerNodesUpdater] [                                                 ] c.n.eureka.cluster.PeerEurekaNodes       : The replica size seems to be empty. Check the route 53 DNS Registry
2026-04-18T13:45:27.322+02:00  INFO 16804 --- [eureka-service] [Eureka-EvictionTimer] [                                                 ] c.n.e.registry.AbstractInstanceRegistry  : Running the evict task with compensationTime 0ms
2026-04-18T13:46:27.332+02:00  INFO 16804 --- [eureka-service] [Eureka-EvictionTimer] [                                                 ] c.n.e.registry.AbstractInstanceRegistry  : Running the evict task with compensationTime 10ms
2026-04-18T13:47:27.337+02:00  INFO 16804 --- [eureka-service] [Eureka-EvictionTimer] [                                                 ] c.n.e.registry.AbstractInstanceRegistry  : Running the evict task with compensationTime 4ms
2026-04-18T13:48:27.352+02:00  INFO 16804 --- [eureka-service] [Eureka-EvictionTimer] [                                                 ] c.n.e.registry.AbstractInstanceRegistry  : Running the evict task with compensationTime 14ms
2026-04-18T13:49:27.359+02:00  INFO 16804 --- [eureka-service] [Eureka-EvictionTimer] [                                                 ] c.n.e.registry.AbstractInstanceRegistry  : Running the evict task with compensationTime 7ms
2026-04-18T13:50:27.363+02:00  INFO 16804 --- [eureka-service] [Eureka-EvictionTimer] [                                                 ] c.n.e.registry.AbstractInstanceRegistry  : Running the evict task with compensationTime 3ms
2026-04-18T13:51:27.375+02:00  INFO 16804 --- [eureka-service] [Eureka-EvictionTimer] [                                                 ] c.n.e.registry.AbstractInstanceRegistry  : Running the evict task with compensationTime 12ms
2026-04-18T13:52:27.382+02:00  INFO 16804 --- [eureka-service] [Eureka-EvictionTimer] [                                                 ] c.n.e.registry.AbstractInstanceRegistry  : Running the evict task with compensationTime 7ms
2026-04-18T13:53:27.389+02:00  INFO 16804 --- [eureka-service] [Eureka-EvictionTimer] [                                                 ] c.n.e.registry.AbstractInstanceRegistry  : Running the evict task with compensationTime 6ms
2026-04-18T13:54:27.394+02:00  INFO 16804 --- [eureka-service] [Eureka-EvictionTimer] [                                                 ] c.n.e.registry.AbstractInstanceRegistry  : Running the evict task with compensationTime 5ms
2026-04-18T13:55:27.075+02:00  WARN 16804 --- [eureka-service] [Eureka-PeerNodesUpdater] [                                                 ] c.n.eureka.cluster.PeerEurekaNodes       : The replica size seems to be empty. Check the route 53 DNS Registry
2026-04-18T13:55:27.092+02:00  INFO 16804 --- [eureka-service] [ReplicaAwareInstanceRegistry - RenewalThresholdUpdater] [                                                 ] c.n.e.r.PeerAwareInstanceRegistryImpl    : Current renewal threshold is : 10
2026-04-18T13:55:27.402+02:00  INFO 16804 --- [eureka-service] [Eureka-EvictionTimer] [                                                 ] c.n.e.registry.AbstractInstanceRegistry  : Running the evict task with compensationTime 8ms
2026-04-18T13:56:27.415+02:00  INFO 16804 --- [eureka-service] [Eureka-EvictionTimer] [                                                 ] c.n.e.registry.AbstractInstanceRegistry  : Running the evict task with compensationTime 12ms
2026-04-18T13:57:27.421+02:00  INFO 16804 --- [eureka-service] [Eureka-EvictionTimer] [                                                 ] c.n.e.registry.AbstractInstanceRegistry  : Running the evict task with compensationTime 6ms
2026-04-18T13:58:27.430+02:00  INFO 16804 --- [eureka-service] [Eureka-EvictionTimer] [                                                 ] c.n.e.registry.AbstractInstanceRegistry  : Running the evict task with compensationTime 8ms
2026-04-18T13:59:27.430+02:00  INFO 16804 --- [eureka-service] [Eureka-EvictionTimer] [                                                 ] c.n.e.registry.AbstractInstanceRegistry  : Running the evict task with compensationTime 0ms
2026-04-18T14:00:27.444+02:00  INFO 16804 --- [eureka-service] [Eureka-EvictionTimer] [                                                 ] c.n.e.registry.AbstractInstanceRegistry  : Running the evict task with compensationTime 13ms
2026-04-18T14:01:27.451+02:00  INFO 16804 --- [eureka-service] [Eureka-EvictionTimer] [                                                 ] c.n.e.registry.AbstractInstanceRegistry  : Running the evict task with compensationTime 6ms
2026-04-18T14:02:27.466+02:00  INFO 16804 --- [eureka-service] [Eureka-EvictionTimer] [                                                 ] c.n.e.registry.AbstractInstanceRegistry  : Running the evict task with compensationTime 14ms
2026-04-18T14:03:27.482+02:00  INFO 16804 --- [eureka-service] [Eureka-EvictionTimer] [                                                 ] c.n.e.registry.AbstractInstanceRegistry  : Running the evict task with compensationTime 16ms
2026-04-18T14:04:27.487+02:00  INFO 16804 --- [eureka-service] [Eureka-EvictionTimer] [                                                 ] c.n.e.registry.AbstractInstanceRegistry  : Running the evict task with compensationTime 5ms
2026-04-18T14:05:27.085+02:00  WARN 16804 --- [eureka-service] [Eureka-PeerNodesUpdater] [                                                 ] c.n.eureka.cluster.PeerEurekaNodes       : The replica size seems to be empty. Check the route 53 DNS Registry
2026-04-18T14:05:27.493+02:00  INFO 16804 --- [eureka-service] [Eureka-EvictionTimer] [                                                 ] c.n.e.registry.AbstractInstanceRegistry  : Running the evict task with compensationTime 5ms
2026-04-18T14:06:27.499+02:00  INFO 16804 --- [eureka-service] [Eureka-EvictionTimer] [                                                 ] c.n.e.registry.AbstractInstanceRegistry  : Running the evict task with compensationTime 5ms
2026-04-18T14:07:27.507+02:00  INFO 16804 --- [eureka-service] [Eureka-EvictionTimer] [                                                 ] c.n.e.registry.AbstractInstanceRegistry  : Running the evict task with compensationTime 7ms
2026-04-18T14:08:27.520+02:00  INFO 16804 --- [eureka-service] [Eureka-EvictionTimer] [                                                 ] c.n.e.registry.AbstractInstanceRegistry  : Running the evict task with compensationTime 13ms
2026-04-18T14:09:27.523+02:00  INFO 16804 --- [eureka-service] [Eureka-EvictionTimer] [                                                 ] c.n.e.registry.AbstractInstanceRegistry  : Running the evict task with compensationTime 3ms
2026-04-18T14:10:27.095+02:00  INFO 16804 --- [eureka-service] [ReplicaAwareInstanceRegistry - RenewalThresholdUpdater] [                                                 ] c.n.e.r.PeerAwareInstanceRegistryImpl    : Current renewal threshold is : 10
2026-04-18T14:10:27.536+02:00  INFO 16804 --- [eureka-service] [Eureka-EvictionTimer] [                                                 ] c.n.e.registry.AbstractInstanceRegistry  : Running the evict task with compensationTime 13ms
2026-04-18T14:11:27.541+02:00  INFO 16804 --- [eureka-service] [Eureka-EvictionTimer] [                                                 ] c.n.e.registry.AbstractInstanceRegistry  : Running the evict task with compensationTime 4ms
2026-04-18T14:12:27.557+02:00  INFO 16804 --- [eureka-service] [Eureka-EvictionTimer] [                                                 ] c.n.e.registry.AbstractInstanceRegistry  : Running the evict task with compensationTime 15ms
2026-04-18T14:13:27.566+02:00  INFO 16804 --- [eureka-service] [Eureka-EvictionTimer] [                                                 ] c.n.e.registry.AbstractInstanceRegistry  : Running the evict task with compensationTime 8ms
2026-04-18T14:14:27.578+02:00  INFO 16804 --- [eureka-service] [Eureka-EvictionTimer] [                                                 ] c.n.e.registry.AbstractInstanceRegistry  : Running the evict task with compensationTime 12ms
2026-04-18T14:15:27.089+02:00  WARN 16804 --- [eureka-service] [Eureka-PeerNodesUpdater] [                                                 ] c.n.eureka.cluster.PeerEurekaNodes       : The replica size seems to be empty. Check the route 53 DNS Registry
2026-04-18T14:15:27.592+02:00  INFO 16804 --- [eureka-service] [Eureka-EvictionTimer] [                                                 ] c.n.e.registry.AbstractInstanceRegistry  : Running the evict task with compensationTime 13ms
2026-04-18T14:16:27.602+02:00  INFO 16804 --- [eureka-service] [Eureka-EvictionTimer] [                                                 ] c.n.e.registry.AbstractInstanceRegistry  : Running the evict task with compensationTime 10ms
2026-04-18T14:17:27.602+02:00  INFO 16804 --- [eureka-service] [Eureka-EvictionTimer] [                                                 ] c.n.e.registry.AbstractInstanceRegistry  : Running the evict task with compensationTime 0ms
2026-04-18T14:18:27.608+02:00  INFO 16804 --- [eureka-service] [Eureka-EvictionTimer] [                                                 ] c.n.e.registry.AbstractInstanceRegistry  : Running the evict task with compensationTime 5ms
2026-04-18T14:19:27.610+02:00  INFO 16804 --- [eureka-service] [Eureka-EvictionTimer] [                                                 ] c.n.e.registry.AbstractInstanceRegistry  : Running the evict task with compensationTime 2ms
2026-04-18T14:20:27.626+02:00  INFO 16804 --- [eureka-service] [Eureka-EvictionTimer] [                                                 ] c.n.e.registry.AbstractInstanceRegistry  : Running the evict task with compensationTime 15ms
2026-04-18T14:21:27.640+02:00  INFO 16804 --- [eureka-service] [Eureka-EvictionTimer] [                                                 ] c.n.e.registry.AbstractInstanceRegistry  : Running the evict task with compensationTime 14ms
2026-04-18T14:22:27.655+02:00  INFO 16804 --- [eureka-service] [Eureka-EvictionTimer] [                                                 ] c.n.e.registry.AbstractInstanceRegistry  : Running the evict task with compensationTime 14ms
2026-04-18T14:23:27.656+02:00  INFO 16804 --- [eureka-service] [Eureka-EvictionTimer] [                                                 ] c.n.e.registry.AbstractInstanceRegistry  : Running the evict task with compensationTime 0ms
2026-04-18T14:24:27.671+02:00  INFO 16804 --- [eureka-service] [Eureka-EvictionTimer] [                                                 ] c.n.e.registry.AbstractInstanceRegistry  : Running the evict task with compensationTime 15ms
2026-04-18T14:25:27.094+02:00  WARN 16804 --- [eureka-service] [Eureka-PeerNodesUpdater] [                                                 ] c.n.eureka.cluster.PeerEurekaNodes       : The replica size seems to be empty. Check the route 53 DNS Registry
2026-04-18T14:25:27.116+02:00  INFO 16804 --- [eureka-service] [ReplicaAwareInstanceRegistry - RenewalThresholdUpdater] [                                                 ] c.n.e.r.PeerAwareInstanceRegistryImpl    : Current renewal threshold is : 10
2026-04-18T14:25:27.672+02:00  INFO 16804 --- [eureka-service] [Eureka-EvictionTimer] [                                                 ] c.n.e.registry.AbstractInstanceRegistry  : Running the evict task with compensationTime 0ms
2026-04-18T14:26:27.686+02:00  INFO 16804 --- [eureka-service] [Eureka-EvictionTimer] [                                                 ] c.n.e.registry.AbstractInstanceRegistry  : Running the evict task with compensationTime 14ms
2026-04-18T14:27:24.204+02:00  INFO 16804 --- [eureka-service] [http-nio-8761-exec-6] [69e3789df0a7bf41008ed17b0401e81b-f902f734ffc1a050] c.n.e.registry.AbstractInstanceRegistry  : Cancelled instance USER-SERVICE/localhost:user-service:8082 (replication=false)
2026-04-18T14:27:24.487+02:00  INFO 16804 --- [eureka-service] [http-nio-8761-exec-4] [69e378acf3dc31ab88c378e45d66dffd-ec514bc702f2eb62] c.n.e.registry.AbstractInstanceRegistry  : Registered instance USER-SERVICE/localhost:user-service:8082 with status UP (replication=false)
2026-04-18T14:27:24.487+02:00  INFO 16804 --- [eureka-service] [http-nio-8761-exec-7] [69e378ac330eaca3c2c432f095df2228-d73856b62cdb41ee] c.n.e.registry.AbstractInstanceRegistry  : Registered instance USER-SERVICE/localhost:user-service:8082 with status UP (replication=false)
2026-04-18T14:27:25.361+02:00  INFO 16804 --- [eureka-service] [http-nio-8761-exec-1] [69e3789df0a7bf41008ed17b0401e81b-6a67be63136d0880] c.n.e.registry.AbstractInstanceRegistry  : Cancelled instance GATEWAY-SERVICE/localhost:gateway-service:8080 (replication=false)
2026-04-18T14:27:25.475+02:00  INFO 16804 --- [eureka-service] [http-nio-8761-exec-10] [69e378adc6ec372fb07d8bc29ab598a1-70083e3ba9363785] c.n.e.registry.AbstractInstanceRegistry  : Registered instance GATEWAY-SERVICE/localhost:gateway-service:8080 with status UP (replication=false)
2026-04-18T14:27:25.476+02:00  INFO 16804 --- [eureka-service] [http-nio-8761-exec-3] [69e378ad425090f7b2f4bcc618a0a22b-52c682155b114b5e] c.n.e.registry.AbstractInstanceRegistry  : Registered instance GATEWAY-SERVICE/localhost:gateway-service:8080 with status UP (replication=false)
2026-04-18T14:27:25.875+02:00  INFO 16804 --- [eureka-service] [http-nio-8761-exec-2] [69e378ad80785b5a82983f24a4bd660d-82983f24a4bd660d] c.n.e.registry.AbstractInstanceRegistry  : Cancelled instance ORDER-SERVICE/localhost:order-service:8083 (replication=false)
2026-04-18T14:27:26.042+02:00  INFO 16804 --- [eureka-service] [http-nio-8761-exec-6] [69e378ae46ab6882ea949090bd2d3549-ea949090bd2d3549] c.n.e.registry.AbstractInstanceRegistry  : Registered instance ORDER-SERVICE/localhost:order-service:8083 with status UP (replication=false)
2026-04-18T14:27:26.392+02:00  INFO 16804 --- [eureka-service] [http-nio-8761-exec-4] [69e3789df0a7bf41008ed17b0401e81b-9b236216811715b9] c.n.e.registry.AbstractInstanceRegistry  : Cancelled instance NOTIFICATION-SERVICE/localhost:notification-service:8084 (replication=false)
2026-04-18T14:27:26.656+02:00  INFO 16804 --- [eureka-service] [http-nio-8761-exec-1] [69e378ae2e2af59c7a283a8b29df294c-b9f71fac4594dda9] c.n.e.registry.AbstractInstanceRegistry  : Registered instance NOTIFICATION-SERVICE/localhost:notification-service:8084 with status UP (replication=false)
2026-04-18T14:27:27.687+02:00  INFO 16804 --- [eureka-service] [Eureka-EvictionTimer] [                                                 ] c.n.e.registry.AbstractInstanceRegistry  : Running the evict task with compensationTime 0ms
2026-04-18T14:27:29.578+02:00  INFO 16804 --- [eureka-service] [http-nio-8761-exec-10] [69e3789df0a7bf41008ed17b0401e81b-0a885ec16b369384] c.n.e.registry.AbstractInstanceRegistry  : Cancelled instance PRODUCT-SERVICE/localhost:product-service:8081 (replication=false)
2026-04-18T14:27:30.100+02:00  INFO 16804 --- [eureka-service] [http-nio-8761-exec-6] [69e378b1631838fbc7421f7689e2c2ad-2f9e821be045d698] c.n.e.registry.AbstractInstanceRegistry  : Registered instance PRODUCT-SERVICE/localhost:product-service:8081 with status UP (replication=false)
2026-04-18T14:27:30.105+02:00  INFO 16804 --- [eureka-service] [http-nio-8761-exec-4] [69e378b2c083fb3572773dfb2f66ce3c-5d946f495273a52e] c.n.e.registry.AbstractInstanceRegistry  : Registered instance PRODUCT-SERVICE/localhost:product-service:8081 with status UP (replication=false)
2026-04-18T14:28:27.692+02:00  INFO 16804 --- [eureka-service] [Eureka-EvictionTimer] [                                                 ] c.n.e.registry.AbstractInstanceRegistry  : Running the evict task with compensationTime 5ms
2026-04-18T14:29:27.702+02:00  INFO 16804 --- [eureka-service] [Eureka-EvictionTimer] [                                                 ] c.n.e.registry.AbstractInstanceRegistry  : Running the evict task with compensationTime 9ms
2026-04-18T14:30:27.708+02:00  INFO 16804 --- [eureka-service] [Eureka-EvictionTimer] [                                                 ] c.n.e.registry.AbstractInstanceRegistry  : Running the evict task with compensationTime 5ms
2026-04-18T14:31:27.712+02:00  INFO 16804 --- [eureka-service] [Eureka-EvictionTimer] [                                                 ] c.n.e.registry.AbstractInstanceRegistry  : Running the evict task with compensationTime 4ms
2026-04-18T14:32:27.723+02:00  INFO 16804 --- [eureka-service] [Eureka-EvictionTimer] [                                                 ] c.n.e.registry.AbstractInstanceRegistry  : Running the evict task with compensationTime 11ms
2026-04-18T14:33:27.723+02:00  INFO 16804 --- [eureka-service] [Eureka-EvictionTimer] [                                                 ] c.n.e.registry.AbstractInstanceRegistry  : Running the evict task with compensationTime 0ms
2026-04-18T14:34:27.724+02:00  INFO 16804 --- [eureka-service] [Eureka-EvictionTimer] [                                                 ] c.n.e.registry.AbstractInstanceRegistry  : Running the evict task with compensationTime 0ms
2026-04-18T14:35:27.098+02:00  WARN 16804 --- [eureka-service] [Eureka-PeerNodesUpdater] [                                                 ] c.n.eureka.cluster.PeerEurekaNodes       : The replica size seems to be empty. Check the route 53 DNS Registry
2026-04-18T14:35:27.734+02:00  INFO 16804 --- [eureka-service] [Eureka-EvictionTimer] [                                                 ] c.n.e.registry.AbstractInstanceRegistry  : Running the evict task with compensationTime 10ms
2026-04-18T14:36:27.743+02:00  INFO 16804 --- [eureka-service] [Eureka-EvictionTimer] [                                                 ] c.n.e.registry.AbstractInstanceRegistry  : Running the evict task with compensationTime 9ms
2026-04-18T14:37:27.754+02:00  INFO 16804 --- [eureka-service] [Eureka-EvictionTimer] [                                                 ] c.n.e.registry.AbstractInstanceRegistry  : Running the evict task with compensationTime 11ms
2026-04-18T14:38:27.755+02:00  INFO 16804 --- [eureka-service] [Eureka-EvictionTimer] [                                                 ] c.n.e.registry.AbstractInstanceRegistry  : Running the evict task with compensationTime 0ms
2026-04-18T14:39:27.755+02:00  INFO 16804 --- [eureka-service] [Eureka-EvictionTimer] [                                                 ] c.n.e.registry.AbstractInstanceRegistry  : Running the evict task with compensationTime 0ms
2026-04-18T14:40:27.119+02:00  INFO 16804 --- [eureka-service] [ReplicaAwareInstanceRegistry - RenewalThresholdUpdater] [                                                 ] c.n.e.r.PeerAwareInstanceRegistryImpl    : Current renewal threshold is : 10
2026-04-18T14:40:27.755+02:00  INFO 16804 --- [eureka-service] [Eureka-EvictionTimer] [                                                 ] c.n.e.registry.AbstractInstanceRegistry  : Running the evict task with compensationTime 0ms
2026-04-18T14:41:27.756+02:00  INFO 16804 --- [eureka-service] [Eureka-EvictionTimer] [                                                 ] c.n.e.registry.AbstractInstanceRegistry  : Running the evict task with compensationTime 0ms
2026-04-18T14:42:27.757+02:00  INFO 16804 --- [eureka-service] [Eureka-EvictionTimer] [                                                 ] c.n.e.registry.AbstractInstanceRegistry  : Running the evict task with compensationTime 0ms
2026-04-18T14:43:27.758+02:00  INFO 16804 --- [eureka-service] [Eureka-EvictionTimer] [                                                 ] c.n.e.registry.AbstractInstanceRegistry  : Running the evict task with compensationTime 0ms
2026-04-18T14:44:27.758+02:00  INFO 16804 --- [eureka-service] [Eureka-EvictionTimer] [                                                 ] c.n.e.registry.AbstractInstanceRegistry  : Running the evict task with compensationTime 0ms
2026-04-18T14:45:27.102+02:00  WARN 16804 --- [eureka-service] [Eureka-PeerNodesUpdater] [                                                 ] c.n.eureka.cluster.PeerEurekaNodes       : The replica size seems to be empty. Check the route 53 DNS Registry
2026-04-18T14:45:27.758+02:00  INFO 16804 --- [eureka-service] [Eureka-EvictionTimer] [                                                 ] c.n.e.registry.AbstractInstanceRegistry  : Running the evict task with compensationTime 0ms
2026-04-18T14:46:27.758+02:00  INFO 16804 --- [eureka-service] [Eureka-EvictionTimer] [                                                 ] c.n.e.registry.AbstractInstanceRegistry  : Running the evict task with compensationTime 0ms
2026-04-18T14:46:32.193+02:00  INFO 16804 --- [eureka-service] [http-nio-8761-exec-1] [69e37d28a9f320f8f58a8a0c29d82e37-06d1c10fbdb1a708] c.n.e.registry.AbstractInstanceRegistry  : Registered instance GATEWAY-SERVICE/localhost:gateway-service:8080 with status DOWN (replication=false)
2026-04-18T14:46:40.235+02:00  INFO 16804 --- [eureka-service] [http-nio-8761-exec-6] [69e37d3031215e30a94e0c268cc6e549-7fd662c022fb5d14] c.n.e.registry.AbstractInstanceRegistry  : Cancelled instance GATEWAY-SERVICE/localhost:gateway-service:8080 (replication=false)
2026-04-18T14:46:43.053+02:00  INFO 16804 --- [eureka-service] [http-nio-8761-exec-7] [69e37d33d0f8bbd9932fab19b5d8a8b6-d05d12809892c467] c.n.e.registry.AbstractInstanceRegistry  : Registered instance NOTIFICATION-SERVICE/localhost:notification-service:8084 with status DOWN (replication=false)
2026-04-18T14:46:43.175+02:00  INFO 16804 --- [eureka-service] [http-nio-8761-exec-5] [69e37d3322a32a390eabb720f8acb824-235ef48681575c1f] c.n.e.registry.AbstractInstanceRegistry  : Registered instance USER-SERVICE/localhost:user-service:8082 with status DOWN (replication=false)
2026-04-18T14:46:43.279+02:00  INFO 16804 --- [eureka-service] [http-nio-8761-exec-1] [69e37d338b5a2fa84312e3aba695582d-4312e3aba695582d] c.n.e.registry.AbstractInstanceRegistry  : Registered instance ORDER-SERVICE/localhost:order-service:8083 with status DOWN (replication=false)
2026-04-18T14:46:43.298+02:00  INFO 16804 --- [eureka-service] [http-nio-8761-exec-8] [69e37d33a696ef7dbb2d2a9490b1521a-1a4ce6186fb91d77] c.n.e.registry.AbstractInstanceRegistry  : Registered instance PRODUCT-SERVICE/localhost:product-service:8081 with status DOWN (replication=false)
2026-04-18T14:46:43.620+02:00  INFO 16804 --- [eureka-service] [SpringApplicationShutdownHook] [                                                 ] o.s.c.n.e.s.EurekaServiceRegistry        : Unregistering application EUREKA-SERVICE with eureka with status DOWN
2026-04-18T14:46:43.798+02:00  INFO 16804 --- [eureka-service] [SpringApplicationShutdownHook] [                                                 ] o.s.boot.tomcat.GracefulShutdown         : Commencing graceful shutdown. Waiting for active requests to complete
2026-04-18T14:46:43.845+02:00  INFO 16804 --- [eureka-service] [tomcat-shutdown] [                                                 ] o.s.boot.tomcat.GracefulShutdown         : Graceful shutdown complete
2026-04-18T14:46:43.921+02:00  INFO 16804 --- [eureka-service] [SpringApplicationShutdownHook] [                                                 ] o.s.c.n.e.server.EurekaServerBootstrap   : Shutting down Eureka Server..
2026-04-18T14:46:43.934+02:00  INFO 16804 --- [eureka-service] [SpringApplicationShutdownHook] [                                                 ] c.n.eureka.DefaultEurekaServerContext    : Shutting down ...
2026-04-18T14:46:43.934+02:00  INFO 16804 --- [eureka-service] [SpringApplicationShutdownHook] [                                                 ] c.n.eureka.DefaultEurekaServerContext    : Shut down
2026-04-18T14:46:43.935+02:00  INFO 16804 --- [eureka-service] [SpringApplicationShutdownHook] [                                                 ] o.s.c.n.e.server.EurekaServerBootstrap   : Eureka Service is now shutdown...
2026-04-18T14:46:43.963+02:00  INFO 16804 --- [eureka-service] [SpringApplicationShutdownHook] [                                                 ] c.n.eureka.DefaultEurekaServerContext    : Shutting down ...
2026-04-18T14:46:43.963+02:00  INFO 16804 --- [eureka-service] [SpringApplicationShutdownHook] [                                                 ] c.n.eureka.DefaultEurekaServerContext    : Shut down
2026-04-18T14:46:44.706+02:00  INFO 16804 --- [eureka-service] [SpringApplicationShutdownHook] [                                                 ] com.netflix.discovery.DiscoveryClient    : Shutting down DiscoveryClient ...
2026-04-18T14:46:44.706+02:00  INFO 16804 --- [eureka-service] [SpringApplicationShutdownHook] [                                                 ] com.netflix.discovery.DiscoveryClient    : Completed shut down of DiscoveryClient
