2026-04-18T13:05:06.522+02:00  INFO 9152 --- [gateway-service] [main] [                                                 ] c.leoga.ecom.gateway.GatewayApplication  : Starting GatewayApplication using Java 26 with PID 9152 (C:\Users\leoga\Formación\Proyectos\Course 1\ecom-microservices\gateway\target\classes started by leoga in C:\Users\leoga\Formación\Proyectos\Course 1\ecom-microservices)
2026-04-18T13:05:06.531+02:00  INFO 9152 --- [gateway-service] [main] [                                                 ] c.leoga.ecom.gateway.GatewayApplication  : The following 1 profile is active: "gitconfig"
2026-04-18T13:05:06.583+02:00  INFO 9152 --- [gateway-service] [main] [                                                 ] o.s.c.c.c.ConfigServerConfigDataLoader   : Fetching config from server at : http://localhost:8889
2026-04-18T13:05:06.584+02:00  INFO 9152 --- [gateway-service] [main] [                                                 ] o.s.c.c.c.ConfigServerConfigDataLoader   : Located environment: name=gateway-service, profiles=[default], label=null, version=64d09b8f014dbc5cda51c41fc6bc804c79d4ec3c, state=
2026-04-18T13:05:06.586+02:00  INFO 9152 --- [gateway-service] [main] [                                                 ] o.s.c.c.c.ConfigServerConfigDataLoader   : Fetching config from server at : http://localhost:8889
2026-04-18T13:05:06.586+02:00  INFO 9152 --- [gateway-service] [main] [                                                 ] o.s.c.c.c.ConfigServerConfigDataLoader   : Located environment: name=gateway-service, profiles=[gitconfig], label=null, version=64d09b8f014dbc5cda51c41fc6bc804c79d4ec3c, state=
2026-04-18T13:05:08.396+02:00  INFO 9152 --- [gateway-service] [main] [                                                 ] .s.d.r.c.RepositoryConfigurationDelegate : Multiple Spring Data modules found, entering strict repository configuration mode
2026-04-18T13:05:08.399+02:00  INFO 9152 --- [gateway-service] [main] [                                                 ] .s.d.r.c.RepositoryConfigurationDelegate : Bootstrapping Spring Data Redis repositories in DEFAULT mode.
2026-04-18T13:05:08.437+02:00  INFO 9152 --- [gateway-service] [main] [                                                 ] .s.d.r.c.RepositoryConfigurationDelegate : Finished Spring Data repository scanning in 17 ms. Found 0 Redis repository interfaces.
2026-04-18T13:05:08.926+02:00  INFO 9152 --- [gateway-service] [main] [                                                 ] faultConfiguringBeanFactoryPostProcessor : No bean named 'errorChannel' has been explicitly defined. Therefore, a default PublishSubscribeChannel will be created.
2026-04-18T13:05:08.937+02:00  INFO 9152 --- [gateway-service] [main] [                                                 ] faultConfiguringBeanFactoryPostProcessor : No bean named 'integrationHeaderChannelRegistry' has been explicitly defined. Therefore, a default DefaultHeaderChannelRegistry will be created.
2026-04-18T13:05:09.163+02:00  INFO 9152 --- [gateway-service] [main] [                                                 ] o.s.cloud.context.scope.GenericScope     : BeanFactory id=22a47ec4-b0b3-3539-971b-6d00528b1468
2026-04-18T13:05:12.241+02:00  INFO 9152 --- [gateway-service] [main] [                                                 ] o.s.cloud.commons.util.InetUtils         : Cannot determine local hostname
2026-04-18T13:05:13.019+02:00  INFO 9152 --- [gateway-service] [main] [                                                 ] o.s.c.s.m.DirectWithAttributesChannel    : Channel 'gateway-service.springCloudBusInput' has 1 subscriber(s).
2026-04-18T13:05:14.053+02:00  INFO 9152 --- [gateway-service] [main] [                                                 ] o.s.cloud.commons.util.InetUtils         : Cannot determine local hostname
2026-04-18T13:05:14.342+02:00  INFO 9152 --- [gateway-service] [main] [                                                 ] o.s.c.g.r.RouteDefinitionRouteLocator    : Loaded RoutePredicateFactory [After]
2026-04-18T13:05:14.343+02:00  INFO 9152 --- [gateway-service] [main] [                                                 ] o.s.c.g.r.RouteDefinitionRouteLocator    : Loaded RoutePredicateFactory [Before]
2026-04-18T13:05:14.343+02:00  INFO 9152 --- [gateway-service] [main] [                                                 ] o.s.c.g.r.RouteDefinitionRouteLocator    : Loaded RoutePredicateFactory [Between]
2026-04-18T13:05:14.343+02:00  INFO 9152 --- [gateway-service] [main] [                                                 ] o.s.c.g.r.RouteDefinitionRouteLocator    : Loaded RoutePredicateFactory [Cookie]
2026-04-18T13:05:14.343+02:00  INFO 9152 --- [gateway-service] [main] [                                                 ] o.s.c.g.r.RouteDefinitionRouteLocator    : Loaded RoutePredicateFactory [Header]
2026-04-18T13:05:14.344+02:00  INFO 9152 --- [gateway-service] [main] [                                                 ] o.s.c.g.r.RouteDefinitionRouteLocator    : Loaded RoutePredicateFactory [Host]
2026-04-18T13:05:14.344+02:00  INFO 9152 --- [gateway-service] [main] [                                                 ] o.s.c.g.r.RouteDefinitionRouteLocator    : Loaded RoutePredicateFactory [Method]
2026-04-18T13:05:14.344+02:00  INFO 9152 --- [gateway-service] [main] [                                                 ] o.s.c.g.r.RouteDefinitionRouteLocator    : Loaded RoutePredicateFactory [Path]
2026-04-18T13:05:14.344+02:00  INFO 9152 --- [gateway-service] [main] [                                                 ] o.s.c.g.r.RouteDefinitionRouteLocator    : Loaded RoutePredicateFactory [Query]
2026-04-18T13:05:14.344+02:00  INFO 9152 --- [gateway-service] [main] [                                                 ] o.s.c.g.r.RouteDefinitionRouteLocator    : Loaded RoutePredicateFactory [ReadBody]
2026-04-18T13:05:14.344+02:00  INFO 9152 --- [gateway-service] [main] [                                                 ] o.s.c.g.r.RouteDefinitionRouteLocator    : Loaded RoutePredicateFactory [RemoteAddr]
2026-04-18T13:05:14.344+02:00  INFO 9152 --- [gateway-service] [main] [                                                 ] o.s.c.g.r.RouteDefinitionRouteLocator    : Loaded RoutePredicateFactory [Version]
2026-04-18T13:05:14.344+02:00  INFO 9152 --- [gateway-service] [main] [                                                 ] o.s.c.g.r.RouteDefinitionRouteLocator    : Loaded RoutePredicateFactory [XForwardedRemoteAddr]
2026-04-18T13:05:14.344+02:00  INFO 9152 --- [gateway-service] [main] [                                                 ] o.s.c.g.r.RouteDefinitionRouteLocator    : Loaded RoutePredicateFactory [Weight]
2026-04-18T13:05:14.344+02:00  INFO 9152 --- [gateway-service] [main] [                                                 ] o.s.c.g.r.RouteDefinitionRouteLocator    : Loaded RoutePredicateFactory [CloudFoundryRouteService]
2026-04-18T13:05:15.673+02:00  INFO 9152 --- [gateway-service] [main] [                                                 ] o.s.cloud.commons.util.InetUtils         : Cannot determine local hostname
2026-04-18T13:05:15.884+02:00  INFO 9152 --- [gateway-service] [main] [                                                 ] o.s.b.a.e.web.EndpointLinksResolver      : Exposing 39 endpoints beneath base path '/actuator'
2026-04-18T13:05:16.258+02:00  INFO 9152 --- [gateway-service] [main] [                                                 ] DiscoveryClientOptionalArgsConfiguration : Eureka HTTP Client uses RestClient.
2026-04-18T13:05:16.296+02:00  WARN 9152 --- [gateway-service] [main] [                                                 ] iguration$LoadBalancerCaffeineWarnLogger : Spring Cloud LoadBalancer is currently working with the default cache. While this cache implementation is useful for development and tests, it's recommended to use Caffeine cache in production.You can switch to using Caffeine cache, by adding it and org.springframework.cache.caffeine.CaffeineCacheManager to the classpath.
2026-04-18T13:05:16.442+02:00  INFO 9152 --- [gateway-service] [main] [                                                 ] figuration$IntegrationJmxConfiguration$1 : Registering MessageChannel errorChannel
2026-04-18T13:05:16.448+02:00  INFO 9152 --- [gateway-service] [main] [                                                 ] figuration$IntegrationJmxConfiguration$1 : Registering MessageChannel springCloudBusInput
2026-04-18T13:05:16.451+02:00  INFO 9152 --- [gateway-service] [main] [                                                 ] figuration$IntegrationJmxConfiguration$1 : Registering MessageChannel nullChannel
2026-04-18T13:05:16.455+02:00  INFO 9152 --- [gateway-service] [main] [                                                 ] figuration$IntegrationJmxConfiguration$1 : Registering MessageHandler _org.springframework.integration.errorLogger
2026-04-18T13:05:16.465+02:00  INFO 9152 --- [gateway-service] [main] [                                                 ] o.s.i.endpoint.EventDrivenConsumer       : Adding {logging-channel-adapter:_org.springframework.integration.errorLogger} as a subscriber to the 'errorChannel' channel
2026-04-18T13:05:16.466+02:00  INFO 9152 --- [gateway-service] [main] [                                                 ] o.s.i.channel.PublishSubscribeChannel    : Channel 'gateway-service.errorChannel' has 1 subscriber(s).
2026-04-18T13:05:16.466+02:00  INFO 9152 --- [gateway-service] [main] [                                                 ] o.s.i.endpoint.EventDrivenConsumer       : started bean '_org.springframework.integration.errorLogger'
2026-04-18T13:05:16.482+02:00  INFO 9152 --- [gateway-service] [main] [                                                 ] o.s.c.n.eureka.InstanceInfoFactory       : Setting initial instance status as: STARTING
2026-04-18T13:05:16.512+02:00  INFO 9152 --- [gateway-service] [main] [                                                 ] com.netflix.discovery.DiscoveryClient    : Initializing Eureka in region us-east-1
2026-04-18T13:05:16.517+02:00  INFO 9152 --- [gateway-service] [main] [                                                 ] c.n.d.s.r.aws.ConfigClusterResolver      : Resolving eureka endpoints via configuration
2026-04-18T13:05:16.528+02:00  INFO 9152 --- [gateway-service] [main] [                                                 ] com.netflix.discovery.DiscoveryClient    : Disable delta property : false
2026-04-18T13:05:16.528+02:00  INFO 9152 --- [gateway-service] [main] [                                                 ] com.netflix.discovery.DiscoveryClient    : Single vip registry refresh property : null
2026-04-18T13:05:16.528+02:00  INFO 9152 --- [gateway-service] [main] [                                                 ] com.netflix.discovery.DiscoveryClient    : Force full registry fetch : false
2026-04-18T13:05:16.528+02:00  INFO 9152 --- [gateway-service] [main] [                                                 ] com.netflix.discovery.DiscoveryClient    : Application is null : false
2026-04-18T13:05:16.528+02:00  INFO 9152 --- [gateway-service] [main] [                                                 ] com.netflix.discovery.DiscoveryClient    : Registered Applications size is zero : true
2026-04-18T13:05:16.530+02:00  INFO 9152 --- [gateway-service] [main] [                                                 ] com.netflix.discovery.DiscoveryClient    : Application version is -1: true
2026-04-18T13:05:16.530+02:00  INFO 9152 --- [gateway-service] [main] [                                                 ] com.netflix.discovery.DiscoveryClient    : Getting all instance registry info from the eureka server
2026-04-18T13:05:16.896+02:00  INFO 9152 --- [gateway-service] [main] [                                                 ] com.netflix.discovery.DiscoveryClient    : The response status is 200
2026-04-18T13:05:16.899+02:00  INFO 9152 --- [gateway-service] [main] [                                                 ] com.netflix.discovery.DiscoveryClient    : Starting heartbeat executor: renew interval is: 30
2026-04-18T13:05:16.901+02:00  INFO 9152 --- [gateway-service] [main] [                                                 ] c.n.discovery.InstanceInfoReplicator     : InstanceInfoReplicator onDemand update allowed rate per min is 4
2026-04-18T13:05:16.902+02:00  INFO 9152 --- [gateway-service] [main] [                                                 ] com.netflix.discovery.DiscoveryClient    : Discovery Client initialized at timestamp 1776510316902 with initial instances count: 4
2026-04-18T13:05:16.904+02:00  INFO 9152 --- [gateway-service] [main] [                                                 ] o.s.c.n.e.s.EurekaServiceRegistry        : Registering application GATEWAY-SERVICE with eureka with status UP
2026-04-18T13:05:16.905+02:00  INFO 9152 --- [gateway-service] [main] [                                                 ] com.netflix.discovery.DiscoveryClient    : Saw local status change event StatusChangeEvent [timestamp=1776510316905, current=UP, previous=STARTING]
2026-04-18T13:05:16.907+02:00  INFO 9152 --- [gateway-service] [DiscoveryClient-InstanceInfoReplicator-%d] [                                                 ] com.netflix.discovery.DiscoveryClient    : DiscoveryClient_GATEWAY-SERVICE/localhost:gateway-service:8080: registering service...
2026-04-18T13:05:16.944+02:00  INFO 9152 --- [gateway-service] [main] [                                                 ] o.s.c.s.binder.DefaultBinderFactory      : Creating binder: rabbit
2026-04-18T13:05:16.944+02:00  INFO 9152 --- [gateway-service] [main] [                                                 ] o.s.c.s.binder.DefaultBinderFactory      : Constructing binder child context for rabbit
2026-04-18T13:05:16.946+02:00  INFO 9152 --- [gateway-service] [DiscoveryClient-InstanceInfoReplicator-%d] [                                                 ] com.netflix.discovery.DiscoveryClient    : DiscoveryClient_GATEWAY-SERVICE/localhost:gateway-service:8080 - registration status: 204
2026-04-18T13:05:17.030+02:00  INFO 9152 --- [gateway-service] [main] [                                                 ] o.s.c.s.binder.DefaultBinderFactory      : Caching the binder: rabbit
2026-04-18T13:05:17.052+02:00  INFO 9152 --- [gateway-service] [main] [                                                 ] c.s.b.r.p.RabbitExchangeQueueProvisioner : declaring queue for inbound: springCloudBus.anonymous.Huz-skdHSEusqBLybs7jMA, bound to: springCloudBus
2026-04-18T13:05:17.059+02:00  INFO 9152 --- [gateway-service] [main] [                                                 ] o.s.a.r.c.CachingConnectionFactory       : Attempting to connect to: [cougar.rmq.cloudamqp.com:5672]
2026-04-18T13:05:18.244+02:00  INFO 9152 --- [gateway-service] [main] [                                                 ] o.s.a.r.c.CachingConnectionFactory       : Created new connection: rabbitConnectionFactory#4f75c627:0/SimpleConnection@6621ab0c [delegate=amqp://ldvtdtip@18.181.18.80:5672/ldvtdtip, localPort=56874]
2026-04-18T13:05:19.371+02:00  INFO 9152 --- [gateway-service] [main] [                                                 ] o.s.c.stream.binder.BinderErrorChannel   : Channel 'rabbit-22347944.springCloudBusInput.errors' has 1 subscriber(s).
2026-04-18T13:05:19.372+02:00  INFO 9152 --- [gateway-service] [main] [                                                 ] o.s.c.stream.binder.BinderErrorChannel   : Channel 'rabbit-22347944.springCloudBusInput.errors' has 2 subscriber(s).
2026-04-18T13:05:20.188+02:00  INFO 9152 --- [gateway-service] [main] [                                                 ] o.s.i.a.i.AmqpInboundChannelAdapter      : started bean 'inbound.springCloudBus.anonymous.Huz-skdHSEusqBLybs7jMA'
2026-04-18T13:05:20.351+02:00  INFO 9152 --- [gateway-service] [main] [                                                 ] o.s.boot.reactor.netty.NettyWebServer    : Netty started on port 8080 (http)
2026-04-18T13:05:20.353+02:00  INFO 9152 --- [gateway-service] [main] [                                                 ] .s.c.n.e.s.EurekaAutoServiceRegistration : Updating port to 8080
2026-04-18T13:05:21.359+02:00  INFO 9152 --- [gateway-service] [main] [                                                 ] o.s.cloud.commons.util.InetUtils         : Cannot determine local hostname
2026-04-18T13:05:22.380+02:00  INFO 9152 --- [gateway-service] [main] [                                                 ] o.s.cloud.commons.util.InetUtils         : Cannot determine local hostname
2026-04-18T13:05:22.415+02:00  INFO 9152 --- [gateway-service] [main] [                                                 ] figuration$IntegrationJmxConfiguration$1 : Registering MessageChannel rabbit-22347944.springCloudBusInput.errors
2026-04-18T13:05:22.453+02:00  INFO 9152 --- [gateway-service] [main] [                                                 ] c.leoga.ecom.gateway.GatewayApplication  : Started GatewayApplication in 19.726 seconds (process running for 21.7)
2026-04-18T13:09:28.968+02:00  WARN 9152 --- [gateway-service] [parallel-12] [                                                 ] i.m.p.PrometheusMeterRegistry            : The meter (MeterId{name='http.client.requests.active', tags=[tag(http.method=GET),tag(http.status_code=UNKNOWN),tag(spring.cloud.gateway.route.id=user-service),tag(spring.cloud.gateway.route.uri=lb://USER-SERVICE)]}) registration has failed: Prometheus requires that all meters with the same name have the same set of tag keys. There is already an existing meter named 'http_client_requests_active_seconds' containing tag keys [client_name, exception, method, outcome, status, uri]. The meter you are attempting to register has keys [http_method, http_status_code, spring_cloud_gateway_route_id, spring_cloud_gateway_route_uri]. Note that subsequent logs will be logged at debug level.
2026-04-18T13:10:16.533+02:00  INFO 9152 --- [gateway-service] [AsyncResolver-bootstrap-executor-%d] [                                                 ] c.n.d.s.r.aws.ConfigClusterResolver      : Resolving eureka endpoints via configuration
2026-04-18T13:12:28.624+02:00  WARN 9152 --- [gateway-service] [parallel-5] [                                                 ] o.s.c.l.core.RoundRobinLoadBalancer      : No servers available for service: USER-SERVICE
2026-04-18T13:12:36.195+02:00  WARN 9152 --- [gateway-service] [parallel-10] [                                                 ] o.s.c.l.core.RoundRobinLoadBalancer      : No servers available for service: USER-SERVICE
2026-04-18T13:12:38.324+02:00  WARN 9152 --- [gateway-service] [parallel-1] [                                                 ] o.s.c.l.core.RoundRobinLoadBalancer      : No servers available for service: USER-SERVICE
2026-04-18T13:15:16.548+02:00  INFO 9152 --- [gateway-service] [AsyncResolver-bootstrap-executor-%d] [                                                 ] c.n.d.s.r.aws.ConfigClusterResolver      : Resolving eureka endpoints via configuration
2026-04-18T13:20:16.560+02:00  INFO 9152 --- [gateway-service] [AsyncResolver-bootstrap-executor-%d] [                                                 ] c.n.d.s.r.aws.ConfigClusterResolver      : Resolving eureka endpoints via configuration
2026-04-18T13:25:16.569+02:00  INFO 9152 --- [gateway-service] [AsyncResolver-bootstrap-executor-%d] [                                                 ] c.n.d.s.r.aws.ConfigClusterResolver      : Resolving eureka endpoints via configuration
2026-04-18T13:30:16.570+02:00  INFO 9152 --- [gateway-service] [AsyncResolver-bootstrap-executor-%d] [                                                 ] c.n.d.s.r.aws.ConfigClusterResolver      : Resolving eureka endpoints via configuration
2026-04-18T13:31:41.870+02:00  INFO 9152 --- [gateway-service] [lettuce-eventExecutorLoop-3-2] [                                                 ] i.l.core.protocol.ConnectionWatchdog     : Reconnecting, last destination was localhost/127.0.0.1:6379
2026-04-18T13:31:42.026+02:00  WARN 9152 --- [gateway-service] [lettuce-nioEventLoop-5-2] [                                                 ] i.l.core.protocol.ConnectionWatchdog     : Cannot reconnect to [localhost/<unresolved>:6379]: Connection closed prematurely

io.lettuce.core.RedisConnectionException: Connection closed prematurely
	at io.lettuce.core.protocol.RedisHandshakeHandler.channelInactive(RedisHandshakeHandler.java:76) ~[lettuce-core-6.8.2.RELEASE.jar:6.8.2.RELEASE/34f8700]
	at io.netty.channel.AbstractChannelHandlerContext.fireChannelInactive(AbstractChannelHandlerContext.java:251) ~[netty-transport-4.2.12.Final.jar:4.2.12.Final]
	at io.netty.channel.ChannelInboundHandlerAdapter.channelInactive(ChannelInboundHandlerAdapter.java:81) ~[netty-transport-4.2.12.Final.jar:4.2.12.Final]
	at io.lettuce.core.ChannelGroupListener.channelInactive(ChannelGroupListener.java:54) ~[lettuce-core-6.8.2.RELEASE.jar:6.8.2.RELEASE/34f8700]
	at io.netty.channel.AbstractChannelHandlerContext.fireChannelInactive(AbstractChannelHandlerContext.java:251) ~[netty-transport-4.2.12.Final.jar:4.2.12.Final]
	at io.netty.channel.DefaultChannelPipeline$HeadContext.channelInactive(DefaultChannelPipeline.java:1424) ~[netty-transport-4.2.12.Final.jar:4.2.12.Final]
	at io.netty.channel.DefaultChannelPipeline.fireChannelInactive(DefaultChannelPipeline.java:876) ~[netty-transport-4.2.12.Final.jar:4.2.12.Final]
	at io.netty.channel.AbstractChannel$AbstractUnsafe$6.run(AbstractChannel.java:676) ~[netty-transport-4.2.12.Final.jar:4.2.12.Final]
	at io.netty.util.concurrent.AbstractEventExecutor.runTask(AbstractEventExecutor.java:148) ~[netty-common-4.2.12.Final.jar:4.2.12.Final]
	at io.netty.util.concurrent.AbstractEventExecutor.safeExecute(AbstractEventExecutor.java:141) ~[netty-common-4.2.12.Final.jar:4.2.12.Final]
	at io.netty.util.concurrent.SingleThreadEventExecutor.runAllTasks(SingleThreadEventExecutor.java:535) ~[netty-common-4.2.12.Final.jar:4.2.12.Final]
	at io.netty.channel.SingleThreadIoEventLoop.run(SingleThreadIoEventLoop.java:201) ~[netty-transport-4.2.12.Final.jar:4.2.12.Final]
	at io.netty.util.concurrent.SingleThreadEventExecutor$5.run(SingleThreadEventExecutor.java:1195) ~[netty-common-4.2.12.Final.jar:4.2.12.Final]
	at io.netty.util.internal.ThreadExecutorMap$2.run(ThreadExecutorMap.java:74) ~[netty-common-4.2.12.Final.jar:4.2.12.Final]
	at io.netty.util.concurrent.FastThreadLocalRunnable.run(FastThreadLocalRunnable.java:30) ~[netty-common-4.2.12.Final.jar:4.2.12.Final]
	at java.base/java.lang.Thread.run(Thread.java:1516) ~[na:na]

2026-04-18T13:31:48.590+02:00  WARN 9152 --- [gateway-service] [AsyncReporter{ZipkinHttpClientSender{http://localhost:9411/api/v2/spans}}] [                                                 ] z.r.i.AsyncReporter$BoundedAsyncReporter : Spans were dropped due to exceptions. All subsequent errors will be logged at FINE level.
2026-04-18T13:31:48.591+02:00  WARN 9152 --- [gateway-service] [AsyncReporter{ZipkinHttpClientSender{http://localhost:9411/api/v2/spans}}] [                                                 ] z.r.i.AsyncReporter$BoundedAsyncReporter : Dropped 2 spans due to IOException(HTTP/1.1 header parser received no bytes)

java.io.IOException: HTTP/1.1 header parser received no bytes
	at java.net.http/jdk.internal.net.http.HttpClientImpl.send(HttpClientImpl.java:1059) ~[java.net.http:na]
	at java.net.http/jdk.internal.net.http.HttpClientFacade.send(HttpClientFacade.java:133) ~[java.net.http:na]
	at org.springframework.boot.zipkin.autoconfigure.ZipkinHttpClientSender.postSpans(ZipkinHttpClientSender.java:59) ~[spring-boot-zipkin-4.0.5.jar:4.0.5]
	at org.springframework.boot.zipkin.autoconfigure.HttpSender.postSpans(HttpSender.java:69) ~[spring-boot-zipkin-4.0.5.jar:4.0.5]
	at org.springframework.boot.zipkin.autoconfigure.HttpSender.postSpans(HttpSender.java:41) ~[spring-boot-zipkin-4.0.5.jar:4.0.5]
	at zipkin2.reporter.BaseHttpSender.send(BaseHttpSender.java:123) ~[zipkin-reporter-3.5.3.jar:na]
	at zipkin2.reporter.internal.AsyncReporter$BoundedAsyncReporter.flush(AsyncReporter.java:266) ~[zipkin-reporter-3.5.3.jar:na]
	at zipkin2.reporter.internal.AsyncReporter$Flusher.run(AsyncReporter.java:352) ~[zipkin-reporter-3.5.3.jar:na]
	at java.base/java.lang.Thread.run(Thread.java:1516) ~[na:na]
Caused by: java.io.IOException: HTTP/1.1 header parser received no bytes
	at java.net.http/jdk.internal.net.http.common.Utils.wrapWithExtraDetail(Utils.java:580) ~[java.net.http:na]
	at java.net.http/jdk.internal.net.http.Http1Response$HeadersReader.onReadError(Http1Response.java:591) ~[java.net.http:na]
	at java.net.http/jdk.internal.net.http.Http1AsyncReceiver.checkForErrors(Http1AsyncReceiver.java:304) ~[java.net.http:na]
	at java.net.http/jdk.internal.net.http.Http1AsyncReceiver.flush(Http1AsyncReceiver.java:270) ~[java.net.http:na]
	at java.net.http/jdk.internal.net.http.common.SequentialScheduler$LockingRestartableTask.run(SequentialScheduler.java:182) ~[java.net.http:na]
	at java.net.http/jdk.internal.net.http.common.SequentialScheduler$CompleteRestartableTask.run(SequentialScheduler.java:149) ~[java.net.http:na]
	at java.net.http/jdk.internal.net.http.common.SequentialScheduler$SchedulableTask.run(SequentialScheduler.java:207) ~[java.net.http:na]
	at java.base/java.util.concurrent.ThreadPoolExecutor.runWorker(ThreadPoolExecutor.java:1090) ~[na:na]
	at java.base/java.util.concurrent.ThreadPoolExecutor$Worker.run(ThreadPoolExecutor.java:614) ~[na:na]
	... 1 common frames omitted
Caused by: java.io.EOFException: EOF reached while reading
	at java.net.http/jdk.internal.net.http.Http1AsyncReceiver$Http1TubeSubscriber.onComplete(Http1AsyncReceiver.java:603) ~[java.net.http:na]
	at java.net.http/jdk.internal.net.http.SocketTube$InternalReadPublisher$ReadSubscription.signalCompletion(SocketTube.java:633) ~[java.net.http:na]
	at java.net.http/jdk.internal.net.http.SocketTube$InternalReadPublisher$InternalReadSubscription.read(SocketTube.java:856) ~[java.net.http:na]
	at java.net.http/jdk.internal.net.http.SocketTube$SocketFlowTask.run(SocketTube.java:181) ~[java.net.http:na]
	at java.net.http/jdk.internal.net.http.common.SequentialScheduler$SchedulableTask.run(SequentialScheduler.java:207) ~[java.net.http:na]
	at java.net.http/jdk.internal.net.http.common.SequentialScheduler.runOrSchedule(SequentialScheduler.java:280) ~[java.net.http:na]
	at java.net.http/jdk.internal.net.http.common.SequentialScheduler.runOrSchedule(SequentialScheduler.java:233) ~[java.net.http:na]
	at java.net.http/jdk.internal.net.http.SocketTube$InternalReadPublisher$InternalReadSubscription.signalReadable(SocketTube.java:785) ~[java.net.http:na]
	at java.net.http/jdk.internal.net.http.SocketTube$InternalReadPublisher$ReadEvent.signalEvent(SocketTube.java:999) ~[java.net.http:na]
	at java.net.http/jdk.internal.net.http.SocketTube$SocketFlowEvent.handle(SocketTube.java:253) ~[java.net.http:na]
	at java.net.http/jdk.internal.net.http.HttpClientImpl$SelectorManager.handleEvent(HttpClientImpl.java:1610) ~[java.net.http:na]
	at java.net.http/jdk.internal.net.http.HttpClientImpl$SelectorManager.lambda$run$3(HttpClientImpl.java:1555) ~[java.net.http:na]
	at java.base/java.util.ArrayList.forEach(ArrayList.java:1612) ~[na:na]
	at java.net.http/jdk.internal.net.http.HttpClientImpl$SelectorManager.run(HttpClientImpl.java:1555) ~[java.net.http:na]
	at java.base/java.lang.VirtualThread.run(VirtualThread.java:475) ~[na:na]

2026-04-18T13:31:48.668+02:00  INFO 9152 --- [gateway-service] [lettuce-eventExecutorLoop-3-12] [                                                 ] i.l.core.protocol.ConnectionWatchdog     : Reconnecting, last destination was localhost/<unresolved>:6379
2026-04-18T13:31:49.040+02:00  WARN 9152 --- [gateway-service] [lettuce-nioEventLoop-5-1] [                                                 ] i.l.core.protocol.ConnectionWatchdog     : Cannot reconnect to [localhost/<unresolved>:6379]: Connection closed prematurely

io.lettuce.core.RedisConnectionException: Connection closed prematurely
	at io.lettuce.core.protocol.RedisHandshakeHandler.channelInactive(RedisHandshakeHandler.java:76) ~[lettuce-core-6.8.2.RELEASE.jar:6.8.2.RELEASE/34f8700]
	at io.netty.channel.AbstractChannelHandlerContext.fireChannelInactive(AbstractChannelHandlerContext.java:251) ~[netty-transport-4.2.12.Final.jar:4.2.12.Final]
	at io.netty.channel.ChannelInboundHandlerAdapter.channelInactive(ChannelInboundHandlerAdapter.java:81) ~[netty-transport-4.2.12.Final.jar:4.2.12.Final]
	at io.lettuce.core.ChannelGroupListener.channelInactive(ChannelGroupListener.java:54) ~[lettuce-core-6.8.2.RELEASE.jar:6.8.2.RELEASE/34f8700]
	at io.netty.channel.AbstractChannelHandlerContext.fireChannelInactive(AbstractChannelHandlerContext.java:251) ~[netty-transport-4.2.12.Final.jar:4.2.12.Final]
	at io.netty.channel.DefaultChannelPipeline$HeadContext.channelInactive(DefaultChannelPipeline.java:1424) ~[netty-transport-4.2.12.Final.jar:4.2.12.Final]
	at io.netty.channel.DefaultChannelPipeline.fireChannelInactive(DefaultChannelPipeline.java:876) ~[netty-transport-4.2.12.Final.jar:4.2.12.Final]
	at io.netty.channel.AbstractChannel$AbstractUnsafe$6.run(AbstractChannel.java:676) ~[netty-transport-4.2.12.Final.jar:4.2.12.Final]
	at io.netty.util.concurrent.AbstractEventExecutor.runTask(AbstractEventExecutor.java:148) ~[netty-common-4.2.12.Final.jar:4.2.12.Final]
	at io.netty.util.concurrent.AbstractEventExecutor.safeExecute(AbstractEventExecutor.java:141) ~[netty-common-4.2.12.Final.jar:4.2.12.Final]
	at io.netty.util.concurrent.SingleThreadEventExecutor.runAllTasks(SingleThreadEventExecutor.java:535) ~[netty-common-4.2.12.Final.jar:4.2.12.Final]
	at io.netty.channel.SingleThreadIoEventLoop.run(SingleThreadIoEventLoop.java:201) ~[netty-transport-4.2.12.Final.jar:4.2.12.Final]
	at io.netty.util.concurrent.SingleThreadEventExecutor$5.run(SingleThreadEventExecutor.java:1195) ~[netty-common-4.2.12.Final.jar:4.2.12.Final]
	at io.netty.util.internal.ThreadExecutorMap$2.run(ThreadExecutorMap.java:74) ~[netty-common-4.2.12.Final.jar:4.2.12.Final]
	at io.netty.util.concurrent.FastThreadLocalRunnable.run(FastThreadLocalRunnable.java:30) ~[netty-common-4.2.12.Final.jar:4.2.12.Final]
	at java.base/java.lang.Thread.run(Thread.java:1516) ~[na:na]

2026-04-18T13:32:01.468+02:00  INFO 9152 --- [gateway-service] [lettuce-eventExecutorLoop-3-3] [                                                 ] i.l.core.protocol.ConnectionWatchdog     : Reconnecting, last destination was localhost/<unresolved>:6379
2026-04-18T13:32:01.470+02:00  WARN 9152 --- [gateway-service] [lettuce-nioEventLoop-5-3] [                                                 ] i.l.core.protocol.ConnectionWatchdog     : Cannot reconnect to [localhost/<unresolved>:6379]: Connection refused: getsockopt: localhost/127.0.0.1:6379
2026-04-18T13:32:17.867+02:00  INFO 9152 --- [gateway-service] [lettuce-eventExecutorLoop-3-4] [                                                 ] i.l.core.protocol.ConnectionWatchdog     : Reconnecting, last destination was localhost/<unresolved>:6379
2026-04-18T13:32:17.869+02:00  WARN 9152 --- [gateway-service] [lettuce-nioEventLoop-5-4] [                                                 ] i.l.core.protocol.ConnectionWatchdog     : Cannot reconnect to [localhost/<unresolved>:6379]: Connection refused: getsockopt: localhost/127.0.0.1:6379
2026-04-18T13:32:47.967+02:00  INFO 9152 --- [gateway-service] [lettuce-eventExecutorLoop-3-4] [                                                 ] i.l.core.protocol.ConnectionWatchdog     : Reconnecting, last destination was localhost/<unresolved>:6379
2026-04-18T13:32:47.968+02:00  WARN 9152 --- [gateway-service] [lettuce-nioEventLoop-5-5] [                                                 ] i.l.core.protocol.ConnectionWatchdog     : Cannot reconnect to [localhost/<unresolved>:6379]: Connection refused: getsockopt: localhost/127.0.0.1:6379
2026-04-18T13:33:18.067+02:00  INFO 9152 --- [gateway-service] [lettuce-eventExecutorLoop-3-9] [                                                 ] i.l.core.protocol.ConnectionWatchdog     : Reconnecting, last destination was localhost/<unresolved>:6379
2026-04-18T13:33:18.069+02:00  WARN 9152 --- [gateway-service] [lettuce-nioEventLoop-5-6] [                                                 ] i.l.core.protocol.ConnectionWatchdog     : Cannot reconnect to [localhost/<unresolved>:6379]: Connection refused: getsockopt: localhost/127.0.0.1:6379
2026-04-18T13:33:48.167+02:00  INFO 9152 --- [gateway-service] [lettuce-eventExecutorLoop-3-11] [                                                 ] i.l.core.protocol.ConnectionWatchdog     : Reconnecting, last destination was localhost/<unresolved>:6379
2026-04-18T13:33:48.169+02:00  WARN 9152 --- [gateway-service] [lettuce-nioEventLoop-5-7] [                                                 ] i.l.core.protocol.ConnectionWatchdog     : Cannot reconnect to [localhost/<unresolved>:6379]: Connection refused: getsockopt: localhost/127.0.0.1:6379
2026-04-18T13:34:18.266+02:00  INFO 9152 --- [gateway-service] [lettuce-eventExecutorLoop-3-12] [                                                 ] i.l.core.protocol.ConnectionWatchdog     : Reconnecting, last destination was localhost/<unresolved>:6379
2026-04-18T13:34:18.268+02:00  WARN 9152 --- [gateway-service] [lettuce-nioEventLoop-5-8] [                                                 ] i.l.core.protocol.ConnectionWatchdog     : Cannot reconnect to [localhost/<unresolved>:6379]: Connection refused: getsockopt: localhost/127.0.0.1:6379
2026-04-18T13:34:48.367+02:00  INFO 9152 --- [gateway-service] [lettuce-eventExecutorLoop-3-3] [                                                 ] i.l.core.protocol.ConnectionWatchdog     : Reconnecting, last destination was localhost/<unresolved>:6379
2026-04-18T13:34:48.369+02:00  WARN 9152 --- [gateway-service] [lettuce-nioEventLoop-5-9] [                                                 ] i.l.core.protocol.ConnectionWatchdog     : Cannot reconnect to [localhost/<unresolved>:6379]: Connection refused: getsockopt: localhost/127.0.0.1:6379
2026-04-18T13:35:16.571+02:00  INFO 9152 --- [gateway-service] [AsyncResolver-bootstrap-executor-%d] [                                                 ] c.n.d.s.r.aws.ConfigClusterResolver      : Resolving eureka endpoints via configuration
2026-04-18T13:35:18.467+02:00  INFO 9152 --- [gateway-service] [lettuce-eventExecutorLoop-3-5] [                                                 ] i.l.core.protocol.ConnectionWatchdog     : Reconnecting, last destination was localhost/<unresolved>:6379
2026-04-18T13:35:18.468+02:00  WARN 9152 --- [gateway-service] [lettuce-nioEventLoop-5-10] [                                                 ] i.l.core.protocol.ConnectionWatchdog     : Cannot reconnect to [localhost/<unresolved>:6379]: Connection refused: getsockopt: localhost/127.0.0.1:6379
2026-04-18T13:35:48.567+02:00  INFO 9152 --- [gateway-service] [lettuce-eventExecutorLoop-3-7] [                                                 ] i.l.core.protocol.ConnectionWatchdog     : Reconnecting, last destination was localhost/<unresolved>:6379
2026-04-18T13:35:48.570+02:00  WARN 9152 --- [gateway-service] [lettuce-nioEventLoop-5-11] [                                                 ] i.l.core.protocol.ConnectionWatchdog     : Cannot reconnect to [localhost/<unresolved>:6379]: Connection refused: getsockopt: localhost/127.0.0.1:6379
2026-04-18T13:36:18.668+02:00  INFO 9152 --- [gateway-service] [lettuce-eventExecutorLoop-3-9] [                                                 ] i.l.core.protocol.ConnectionWatchdog     : Reconnecting, last destination was localhost/<unresolved>:6379
2026-04-18T13:36:18.669+02:00  WARN 9152 --- [gateway-service] [lettuce-nioEventLoop-5-12] [                                                 ] i.l.core.protocol.ConnectionWatchdog     : Cannot reconnect to [localhost/<unresolved>:6379]: Connection refused: getsockopt: localhost/127.0.0.1:6379
2026-04-18T13:36:48.767+02:00  INFO 9152 --- [gateway-service] [lettuce-eventExecutorLoop-3-11] [                                                 ] i.l.core.protocol.ConnectionWatchdog     : Reconnecting, last destination was localhost/<unresolved>:6379
2026-04-18T13:36:48.770+02:00  WARN 9152 --- [gateway-service] [lettuce-nioEventLoop-5-1] [                                                 ] i.l.core.protocol.ConnectionWatchdog     : Cannot reconnect to [localhost/<unresolved>:6379]: Connection refused: getsockopt: localhost/127.0.0.1:6379
2026-04-18T13:37:18.867+02:00  INFO 9152 --- [gateway-service] [lettuce-eventExecutorLoop-3-12] [                                                 ] i.l.core.protocol.ConnectionWatchdog     : Reconnecting, last destination was localhost/<unresolved>:6379
2026-04-18T13:37:18.869+02:00  WARN 9152 --- [gateway-service] [lettuce-nioEventLoop-5-2] [                                                 ] i.l.core.protocol.ConnectionWatchdog     : Cannot reconnect to [localhost/<unresolved>:6379]: Connection refused: getsockopt: localhost/127.0.0.1:6379
2026-04-18T13:37:48.967+02:00  INFO 9152 --- [gateway-service] [lettuce-eventExecutorLoop-3-3] [                                                 ] i.l.core.protocol.ConnectionWatchdog     : Reconnecting, last destination was localhost/<unresolved>:6379
2026-04-18T13:37:49.007+02:00  INFO 9152 --- [gateway-service] [lettuce-nioEventLoop-5-3] [                                                 ] i.l.core.protocol.ReconnectionHandler    : Reconnected to localhost/<unresolved>:6379
2026-04-18T13:40:16.586+02:00  INFO 9152 --- [gateway-service] [AsyncResolver-bootstrap-executor-%d] [                                                 ] c.n.d.s.r.aws.ConfigClusterResolver      : Resolving eureka endpoints via configuration
2026-04-18T13:45:16.590+02:00  INFO 9152 --- [gateway-service] [AsyncResolver-bootstrap-executor-%d] [                                                 ] c.n.d.s.r.aws.ConfigClusterResolver      : Resolving eureka endpoints via configuration
2026-04-18T13:45:45.774+02:00  INFO 9152 --- [gateway-service] [lettuce-eventExecutorLoop-3-5] [                                                 ] i.l.core.protocol.ConnectionWatchdog     : Reconnecting, last destination was localhost/127.0.0.1:6379
2026-04-18T13:45:45.785+02:00  WARN 9152 --- [gateway-service] [lettuce-nioEventLoop-5-4] [                                                 ] i.l.core.protocol.ConnectionWatchdog     : Cannot reconnect to [localhost/<unresolved>:6379]: Connection closed prematurely

io.lettuce.core.RedisConnectionException: Connection closed prematurely
	at io.lettuce.core.protocol.RedisHandshakeHandler.channelInactive(RedisHandshakeHandler.java:76) ~[lettuce-core-6.8.2.RELEASE.jar:6.8.2.RELEASE/34f8700]
	at io.netty.channel.AbstractChannelHandlerContext.fireChannelInactive(AbstractChannelHandlerContext.java:251) ~[netty-transport-4.2.12.Final.jar:4.2.12.Final]
	at io.netty.channel.ChannelInboundHandlerAdapter.channelInactive(ChannelInboundHandlerAdapter.java:81) ~[netty-transport-4.2.12.Final.jar:4.2.12.Final]
	at io.lettuce.core.ChannelGroupListener.channelInactive(ChannelGroupListener.java:54) ~[lettuce-core-6.8.2.RELEASE.jar:6.8.2.RELEASE/34f8700]
	at io.netty.channel.AbstractChannelHandlerContext.fireChannelInactive(AbstractChannelHandlerContext.java:251) ~[netty-transport-4.2.12.Final.jar:4.2.12.Final]
	at io.netty.channel.DefaultChannelPipeline$HeadContext.channelInactive(DefaultChannelPipeline.java:1424) ~[netty-transport-4.2.12.Final.jar:4.2.12.Final]
	at io.netty.channel.DefaultChannelPipeline.fireChannelInactive(DefaultChannelPipeline.java:876) ~[netty-transport-4.2.12.Final.jar:4.2.12.Final]
	at io.netty.channel.AbstractChannel$AbstractUnsafe$6.run(AbstractChannel.java:676) ~[netty-transport-4.2.12.Final.jar:4.2.12.Final]
	at io.netty.util.concurrent.AbstractEventExecutor.runTask(AbstractEventExecutor.java:148) ~[netty-common-4.2.12.Final.jar:4.2.12.Final]
	at io.netty.util.concurrent.AbstractEventExecutor.safeExecute(AbstractEventExecutor.java:141) ~[netty-common-4.2.12.Final.jar:4.2.12.Final]
	at io.netty.util.concurrent.SingleThreadEventExecutor.runAllTasks(SingleThreadEventExecutor.java:535) ~[netty-common-4.2.12.Final.jar:4.2.12.Final]
	at io.netty.channel.SingleThreadIoEventLoop.run(SingleThreadIoEventLoop.java:201) ~[netty-transport-4.2.12.Final.jar:4.2.12.Final]
	at io.netty.util.concurrent.SingleThreadEventExecutor$5.run(SingleThreadEventExecutor.java:1195) ~[netty-common-4.2.12.Final.jar:4.2.12.Final]
	at io.netty.util.internal.ThreadExecutorMap$2.run(ThreadExecutorMap.java:74) ~[netty-common-4.2.12.Final.jar:4.2.12.Final]
	at io.netty.util.concurrent.FastThreadLocalRunnable.run(FastThreadLocalRunnable.java:30) ~[netty-common-4.2.12.Final.jar:4.2.12.Final]
	at java.base/java.lang.Thread.run(Thread.java:1516) ~[na:na]

2026-04-18T13:45:50.874+02:00  INFO 9152 --- [gateway-service] [lettuce-eventExecutorLoop-3-4] [                                                 ] i.l.core.protocol.ConnectionWatchdog     : Reconnecting, last destination was localhost/<unresolved>:6379
2026-04-18T13:45:50.876+02:00  WARN 9152 --- [gateway-service] [lettuce-nioEventLoop-5-3] [                                                 ] i.l.core.protocol.ConnectionWatchdog     : Cannot reconnect to [localhost/<unresolved>:6379]: Connection refused: getsockopt: localhost/127.0.0.1:6379
2026-04-18T13:46:03.378+02:00  INFO 9152 --- [gateway-service] [lettuce-eventExecutorLoop-3-6] [                                                 ] i.l.core.protocol.ConnectionWatchdog     : Reconnecting, last destination was localhost/<unresolved>:6379
2026-04-18T13:46:03.378+02:00  WARN 9152 --- [gateway-service] [lettuce-nioEventLoop-5-5] [                                                 ] i.l.core.protocol.ConnectionWatchdog     : Cannot reconnect to [localhost/<unresolved>:6379]: Connection refused: getsockopt: localhost/127.0.0.1:6379
2026-04-18T13:46:19.874+02:00  INFO 9152 --- [gateway-service] [lettuce-eventExecutorLoop-3-7] [                                                 ] i.l.core.protocol.ConnectionWatchdog     : Reconnecting, last destination was localhost/<unresolved>:6379
2026-04-18T13:46:19.876+02:00  WARN 9152 --- [gateway-service] [lettuce-nioEventLoop-5-6] [                                                 ] i.l.core.protocol.ConnectionWatchdog     : Cannot reconnect to [localhost/<unresolved>:6379]: Connection refused: getsockopt: localhost/127.0.0.1:6379
2026-04-18T13:46:49.974+02:00  INFO 9152 --- [gateway-service] [lettuce-eventExecutorLoop-3-7] [                                                 ] i.l.core.protocol.ConnectionWatchdog     : Reconnecting, last destination was localhost/<unresolved>:6379
2026-04-18T13:46:50.002+02:00  INFO 9152 --- [gateway-service] [lettuce-nioEventLoop-5-7] [                                                 ] i.l.core.protocol.ReconnectionHandler    : Reconnected to localhost/<unresolved>:6379
2026-04-18T13:50:16.592+02:00  INFO 9152 --- [gateway-service] [AsyncResolver-bootstrap-executor-%d] [                                                 ] c.n.d.s.r.aws.ConfigClusterResolver      : Resolving eureka endpoints via configuration
2026-04-18T13:55:16.602+02:00  INFO 9152 --- [gateway-service] [AsyncResolver-bootstrap-executor-%d] [                                                 ] c.n.d.s.r.aws.ConfigClusterResolver      : Resolving eureka endpoints via configuration
2026-04-18T14:00:16.612+02:00  INFO 9152 --- [gateway-service] [AsyncResolver-bootstrap-executor-%d] [                                                 ] c.n.d.s.r.aws.ConfigClusterResolver      : Resolving eureka endpoints via configuration
2026-04-18T14:05:16.619+02:00  INFO 9152 --- [gateway-service] [AsyncResolver-bootstrap-executor-%d] [                                                 ] c.n.d.s.r.aws.ConfigClusterResolver      : Resolving eureka endpoints via configuration
2026-04-18T14:10:16.626+02:00  INFO 9152 --- [gateway-service] [AsyncResolver-bootstrap-executor-%d] [                                                 ] c.n.d.s.r.aws.ConfigClusterResolver      : Resolving eureka endpoints via configuration
2026-04-18T14:11:11.767+02:00  INFO 9152 --- [gateway-service] [lettuce-eventExecutorLoop-3-1] [                                                 ] i.l.core.protocol.ConnectionWatchdog     : Reconnecting, last destination was localhost/127.0.0.1:6379
2026-04-18T14:11:11.774+02:00  WARN 9152 --- [gateway-service] [lettuce-nioEventLoop-5-8] [                                                 ] i.l.core.protocol.ConnectionWatchdog     : Cannot reconnect to [localhost/<unresolved>:6379]: Connection closed prematurely

io.lettuce.core.RedisConnectionException: Connection closed prematurely
	at io.lettuce.core.protocol.RedisHandshakeHandler.channelInactive(RedisHandshakeHandler.java:76) ~[lettuce-core-6.8.2.RELEASE.jar:6.8.2.RELEASE/34f8700]
	at io.netty.channel.AbstractChannelHandlerContext.fireChannelInactive(AbstractChannelHandlerContext.java:251) ~[netty-transport-4.2.12.Final.jar:4.2.12.Final]
	at io.netty.channel.ChannelInboundHandlerAdapter.channelInactive(ChannelInboundHandlerAdapter.java:81) ~[netty-transport-4.2.12.Final.jar:4.2.12.Final]
	at io.lettuce.core.ChannelGroupListener.channelInactive(ChannelGroupListener.java:54) ~[lettuce-core-6.8.2.RELEASE.jar:6.8.2.RELEASE/34f8700]
	at io.netty.channel.AbstractChannelHandlerContext.fireChannelInactive(AbstractChannelHandlerContext.java:251) ~[netty-transport-4.2.12.Final.jar:4.2.12.Final]
	at io.netty.channel.DefaultChannelPipeline$HeadContext.channelInactive(DefaultChannelPipeline.java:1424) ~[netty-transport-4.2.12.Final.jar:4.2.12.Final]
	at io.netty.channel.DefaultChannelPipeline.fireChannelInactive(DefaultChannelPipeline.java:876) ~[netty-transport-4.2.12.Final.jar:4.2.12.Final]
	at io.netty.channel.AbstractChannel$AbstractUnsafe$6.run(AbstractChannel.java:676) ~[netty-transport-4.2.12.Final.jar:4.2.12.Final]
	at io.netty.util.concurrent.AbstractEventExecutor.runTask(AbstractEventExecutor.java:148) ~[netty-common-4.2.12.Final.jar:4.2.12.Final]
	at io.netty.util.concurrent.AbstractEventExecutor.safeExecute(AbstractEventExecutor.java:141) ~[netty-common-4.2.12.Final.jar:4.2.12.Final]
	at io.netty.util.concurrent.SingleThreadEventExecutor.runAllTasks(SingleThreadEventExecutor.java:535) ~[netty-common-4.2.12.Final.jar:4.2.12.Final]
	at io.netty.channel.SingleThreadIoEventLoop.run(SingleThreadIoEventLoop.java:201) ~[netty-transport-4.2.12.Final.jar:4.2.12.Final]
	at io.netty.util.concurrent.SingleThreadEventExecutor$5.run(SingleThreadEventExecutor.java:1195) ~[netty-common-4.2.12.Final.jar:4.2.12.Final]
	at io.netty.util.internal.ThreadExecutorMap$2.run(ThreadExecutorMap.java:74) ~[netty-common-4.2.12.Final.jar:4.2.12.Final]
	at io.netty.util.concurrent.FastThreadLocalRunnable.run(FastThreadLocalRunnable.java:30) ~[netty-common-4.2.12.Final.jar:4.2.12.Final]
	at java.base/java.lang.Thread.run(Thread.java:1516) ~[na:na]

2026-04-18T14:11:16.967+02:00  INFO 9152 --- [gateway-service] [lettuce-eventExecutorLoop-3-11] [                                                 ] i.l.core.protocol.ConnectionWatchdog     : Reconnecting, last destination was localhost/<unresolved>:6379
2026-04-18T14:11:16.969+02:00  WARN 9152 --- [gateway-service] [lettuce-nioEventLoop-5-7] [                                                 ] i.l.core.protocol.ConnectionWatchdog     : Cannot reconnect to [localhost/<unresolved>:6379]: Connection refused: getsockopt: localhost/127.0.0.1:6379
2026-04-18T14:11:29.267+02:00  INFO 9152 --- [gateway-service] [lettuce-eventExecutorLoop-3-12] [                                                 ] i.l.core.protocol.ConnectionWatchdog     : Reconnecting, last destination was localhost/<unresolved>:6379
2026-04-18T14:11:29.269+02:00  WARN 9152 --- [gateway-service] [lettuce-nioEventLoop-5-9] [                                                 ] i.l.core.protocol.ConnectionWatchdog     : Cannot reconnect to [localhost/<unresolved>:6379]: Connection refused: getsockopt: localhost/127.0.0.1:6379
2026-04-18T14:11:45.676+02:00  INFO 9152 --- [gateway-service] [lettuce-eventExecutorLoop-3-2] [                                                 ] i.l.core.protocol.ConnectionWatchdog     : Reconnecting, last destination was localhost/<unresolved>:6379
2026-04-18T14:11:45.700+02:00  INFO 9152 --- [gateway-service] [lettuce-nioEventLoop-5-10] [                                                 ] i.l.core.protocol.ReconnectionHandler    : Reconnected to localhost/<unresolved>:6379
2026-04-18T14:15:16.629+02:00  INFO 9152 --- [gateway-service] [AsyncResolver-bootstrap-executor-%d] [                                                 ] c.n.d.s.r.aws.ConfigClusterResolver      : Resolving eureka endpoints via configuration
2026-04-18T14:16:26.068+02:00  INFO 9152 --- [gateway-service] [lettuce-eventExecutorLoop-3-5] [                                                 ] i.l.core.protocol.ConnectionWatchdog     : Reconnecting, last destination was localhost/127.0.0.1:6379
2026-04-18T14:16:26.503+02:00  WARN 9152 --- [gateway-service] [lettuce-nioEventLoop-5-11] [                                                 ] i.l.core.protocol.ConnectionWatchdog     : Cannot reconnect to [localhost/<unresolved>:6379]: Connection closed prematurely

io.lettuce.core.RedisConnectionException: Connection closed prematurely
	at io.lettuce.core.protocol.RedisHandshakeHandler.channelInactive(RedisHandshakeHandler.java:76) ~[lettuce-core-6.8.2.RELEASE.jar:6.8.2.RELEASE/34f8700]
	at io.netty.channel.AbstractChannelHandlerContext.fireChannelInactive(AbstractChannelHandlerContext.java:251) ~[netty-transport-4.2.12.Final.jar:4.2.12.Final]
	at io.netty.channel.ChannelInboundHandlerAdapter.channelInactive(ChannelInboundHandlerAdapter.java:81) ~[netty-transport-4.2.12.Final.jar:4.2.12.Final]
	at io.lettuce.core.ChannelGroupListener.channelInactive(ChannelGroupListener.java:54) ~[lettuce-core-6.8.2.RELEASE.jar:6.8.2.RELEASE/34f8700]
	at io.netty.channel.AbstractChannelHandlerContext.fireChannelInactive(AbstractChannelHandlerContext.java:251) ~[netty-transport-4.2.12.Final.jar:4.2.12.Final]
	at io.netty.channel.DefaultChannelPipeline$HeadContext.channelInactive(DefaultChannelPipeline.java:1424) ~[netty-transport-4.2.12.Final.jar:4.2.12.Final]
	at io.netty.channel.DefaultChannelPipeline.fireChannelInactive(DefaultChannelPipeline.java:876) ~[netty-transport-4.2.12.Final.jar:4.2.12.Final]
	at io.netty.channel.AbstractChannel$AbstractUnsafe$6.run(AbstractChannel.java:676) ~[netty-transport-4.2.12.Final.jar:4.2.12.Final]
	at io.netty.util.concurrent.AbstractEventExecutor.runTask(AbstractEventExecutor.java:148) ~[netty-common-4.2.12.Final.jar:4.2.12.Final]
	at io.netty.util.concurrent.AbstractEventExecutor.safeExecute(AbstractEventExecutor.java:141) ~[netty-common-4.2.12.Final.jar:4.2.12.Final]
	at io.netty.util.concurrent.SingleThreadEventExecutor.runAllTasks(SingleThreadEventExecutor.java:535) ~[netty-common-4.2.12.Final.jar:4.2.12.Final]
	at io.netty.channel.SingleThreadIoEventLoop.run(SingleThreadIoEventLoop.java:201) ~[netty-transport-4.2.12.Final.jar:4.2.12.Final]
	at io.netty.util.concurrent.SingleThreadEventExecutor$5.run(SingleThreadEventExecutor.java:1195) ~[netty-common-4.2.12.Final.jar:4.2.12.Final]
	at io.netty.util.internal.ThreadExecutorMap$2.run(ThreadExecutorMap.java:74) ~[netty-common-4.2.12.Final.jar:4.2.12.Final]
	at io.netty.util.concurrent.FastThreadLocalRunnable.run(FastThreadLocalRunnable.java:30) ~[netty-common-4.2.12.Final.jar:4.2.12.Final]
	at java.base/java.lang.Thread.run(Thread.java:1516) ~[na:na]

2026-04-18T14:16:31.867+02:00  INFO 9152 --- [gateway-service] [lettuce-eventExecutorLoop-3-4] [                                                 ] i.l.core.protocol.ConnectionWatchdog     : Reconnecting, last destination was localhost/<unresolved>:6379
2026-04-18T14:16:31.869+02:00  WARN 9152 --- [gateway-service] [lettuce-nioEventLoop-5-10] [                                                 ] i.l.core.protocol.ConnectionWatchdog     : Cannot reconnect to [localhost/<unresolved>:6379]: Connection refused: getsockopt: localhost/127.0.0.1:6379
2026-04-18T14:16:44.168+02:00  INFO 9152 --- [gateway-service] [lettuce-eventExecutorLoop-3-6] [                                                 ] i.l.core.protocol.ConnectionWatchdog     : Reconnecting, last destination was localhost/<unresolved>:6379
2026-04-18T14:16:44.181+02:00  INFO 9152 --- [gateway-service] [lettuce-nioEventLoop-5-12] [                                                 ] i.l.core.protocol.ReconnectionHandler    : Reconnected to localhost/<unresolved>:6379
2026-04-18T14:20:16.637+02:00  INFO 9152 --- [gateway-service] [AsyncResolver-bootstrap-executor-%d] [                                                 ] c.n.d.s.r.aws.ConfigClusterResolver      : Resolving eureka endpoints via configuration
2026-04-18T14:25:16.643+02:00  INFO 9152 --- [gateway-service] [AsyncResolver-bootstrap-executor-%d] [                                                 ] c.n.d.s.r.aws.ConfigClusterResolver      : Resolving eureka endpoints via configuration
2026-04-18T14:27:15.152+02:00  INFO 9152 --- [gateway-service] [springCloudBus.anonymous.Huz-skdHSEusqBLybs7jMA-1] [69e3789df0a7bf41008ed17b0401e81b-4c3ab57ccc390ef7] o.s.cloud.bus.event.RefreshListener      : Received remote refresh request.
2026-04-18T14:27:15.633+02:00  INFO 9152 --- [gateway-service] [springCloudBus.anonymous.Huz-skdHSEusqBLybs7jMA-1] [69e3789df0a7bf41008ed17b0401e81b-4c3ab57ccc390ef7] o.s.c.c.c.ConfigServerConfigDataLoader   : Fetching config from server at : http://localhost:8889
2026-04-18T14:27:17.477+02:00  INFO 9152 --- [gateway-service] [springCloudBus.anonymous.Huz-skdHSEusqBLybs7jMA-1] [69e3789df0a7bf41008ed17b0401e81b-4c3ab57ccc390ef7] o.s.c.c.c.ConfigServerConfigDataLoader   : Located environment: name=gateway-service, profiles=[default], label=null, version=64d09b8f014dbc5cda51c41fc6bc804c79d4ec3c, state=
2026-04-18T14:27:17.515+02:00  INFO 9152 --- [gateway-service] [springCloudBus.anonymous.Huz-skdHSEusqBLybs7jMA-1] [69e3789df0a7bf41008ed17b0401e81b-4c3ab57ccc390ef7] o.s.c.c.c.ConfigServerConfigDataLoader   : Fetching config from server at : http://localhost:8889
2026-04-18T14:27:20.620+02:00  INFO 9152 --- [gateway-service] [springCloudBus.anonymous.Huz-skdHSEusqBLybs7jMA-1] [69e3789df0a7bf41008ed17b0401e81b-4c3ab57ccc390ef7] o.s.c.c.c.ConfigServerConfigDataLoader   : Located environment: name=gateway-service, profiles=[gitconfig], label=null, version=64d09b8f014dbc5cda51c41fc6bc804c79d4ec3c, state=
2026-04-18T14:27:21.641+02:00  INFO 9152 --- [gateway-service] [springCloudBus.anonymous.Huz-skdHSEusqBLybs7jMA-1] [69e3789df0a7bf41008ed17b0401e81b-4c3ab57ccc390ef7] o.s.cloud.commons.util.InetUtils         : Cannot determine local hostname
2026-04-18T14:27:22.226+02:00  INFO 9152 --- [gateway-service] [springCloudBus.anonymous.Huz-skdHSEusqBLybs7jMA-1] [69e3789df0a7bf41008ed17b0401e81b-4c3ab57ccc390ef7] com.netflix.discovery.DiscoveryClient    : Shutting down DiscoveryClient ...
2026-04-18T14:27:25.234+02:00  INFO 9152 --- [gateway-service] [springCloudBus.anonymous.Huz-skdHSEusqBLybs7jMA-1] [69e3789df0a7bf41008ed17b0401e81b-4c3ab57ccc390ef7] com.netflix.discovery.DiscoveryClient    : Unregistering ...
2026-04-18T14:27:25.362+02:00  INFO 9152 --- [gateway-service] [springCloudBus.anonymous.Huz-skdHSEusqBLybs7jMA-1] [69e3789df0a7bf41008ed17b0401e81b-4c3ab57ccc390ef7] com.netflix.discovery.DiscoveryClient    : DiscoveryClient_GATEWAY-SERVICE/localhost:gateway-service:8080 - deregister  status: 200
2026-04-18T14:27:25.362+02:00  INFO 9152 --- [gateway-service] [springCloudBus.anonymous.Huz-skdHSEusqBLybs7jMA-1] [69e3789df0a7bf41008ed17b0401e81b-4c3ab57ccc390ef7] com.netflix.discovery.DiscoveryClient    : Completed shut down of DiscoveryClient
2026-04-18T14:27:25.377+02:00  INFO 9152 --- [gateway-service] [springCloudBus.anonymous.Huz-skdHSEusqBLybs7jMA-1] [69e3789df0a7bf41008ed17b0401e81b-4c3ab57ccc390ef7] o.s.c.n.eureka.InstanceInfoFactory       : Setting initial instance status as: STARTING
2026-04-18T14:27:25.377+02:00  INFO 9152 --- [gateway-service] [springCloudBus.anonymous.Huz-skdHSEusqBLybs7jMA-1] [69e3789df0a7bf41008ed17b0401e81b-4c3ab57ccc390ef7] com.netflix.discovery.DiscoveryClient    : Initializing Eureka in region us-east-1
2026-04-18T14:27:25.377+02:00  INFO 9152 --- [gateway-service] [springCloudBus.anonymous.Huz-skdHSEusqBLybs7jMA-1] [69e3789df0a7bf41008ed17b0401e81b-4c3ab57ccc390ef7] c.n.d.s.r.aws.ConfigClusterResolver      : Resolving eureka endpoints via configuration
2026-04-18T14:27:25.377+02:00  INFO 9152 --- [gateway-service] [springCloudBus.anonymous.Huz-skdHSEusqBLybs7jMA-1] [69e3789df0a7bf41008ed17b0401e81b-4c3ab57ccc390ef7] com.netflix.discovery.DiscoveryClient    : Disable delta property : false
2026-04-18T14:27:25.377+02:00  INFO 9152 --- [gateway-service] [springCloudBus.anonymous.Huz-skdHSEusqBLybs7jMA-1] [69e3789df0a7bf41008ed17b0401e81b-4c3ab57ccc390ef7] com.netflix.discovery.DiscoveryClient    : Single vip registry refresh property : null
2026-04-18T14:27:25.377+02:00  INFO 9152 --- [gateway-service] [springCloudBus.anonymous.Huz-skdHSEusqBLybs7jMA-1] [69e3789df0a7bf41008ed17b0401e81b-4c3ab57ccc390ef7] com.netflix.discovery.DiscoveryClient    : Force full registry fetch : false
2026-04-18T14:27:25.377+02:00  INFO 9152 --- [gateway-service] [springCloudBus.anonymous.Huz-skdHSEusqBLybs7jMA-1] [69e3789df0a7bf41008ed17b0401e81b-4c3ab57ccc390ef7] com.netflix.discovery.DiscoveryClient    : Application is null : false
2026-04-18T14:27:25.377+02:00  INFO 9152 --- [gateway-service] [springCloudBus.anonymous.Huz-skdHSEusqBLybs7jMA-1] [69e3789df0a7bf41008ed17b0401e81b-4c3ab57ccc390ef7] com.netflix.discovery.DiscoveryClient    : Registered Applications size is zero : true
2026-04-18T14:27:25.377+02:00  INFO 9152 --- [gateway-service] [springCloudBus.anonymous.Huz-skdHSEusqBLybs7jMA-1] [69e3789df0a7bf41008ed17b0401e81b-4c3ab57ccc390ef7] com.netflix.discovery.DiscoveryClient    : Application version is -1: true
2026-04-18T14:27:25.377+02:00  INFO 9152 --- [gateway-service] [springCloudBus.anonymous.Huz-skdHSEusqBLybs7jMA-1] [69e3789df0a7bf41008ed17b0401e81b-4c3ab57ccc390ef7] com.netflix.discovery.DiscoveryClient    : Getting all instance registry info from the eureka server
2026-04-18T14:27:25.407+02:00  INFO 9152 --- [gateway-service] [springCloudBus.anonymous.Huz-skdHSEusqBLybs7jMA-1] [69e3789df0a7bf41008ed17b0401e81b-4c3ab57ccc390ef7] com.netflix.discovery.DiscoveryClient    : The response status is 200
2026-04-18T14:27:25.407+02:00  INFO 9152 --- [gateway-service] [springCloudBus.anonymous.Huz-skdHSEusqBLybs7jMA-1] [69e3789df0a7bf41008ed17b0401e81b-4c3ab57ccc390ef7] com.netflix.discovery.DiscoveryClient    : Starting heartbeat executor: renew interval is: 30
2026-04-18T14:27:25.408+02:00  INFO 9152 --- [gateway-service] [springCloudBus.anonymous.Huz-skdHSEusqBLybs7jMA-1] [69e3789df0a7bf41008ed17b0401e81b-4c3ab57ccc390ef7] c.n.discovery.InstanceInfoReplicator     : InstanceInfoReplicator onDemand update allowed rate per min is 4
2026-04-18T14:27:25.408+02:00  INFO 9152 --- [gateway-service] [springCloudBus.anonymous.Huz-skdHSEusqBLybs7jMA-1] [69e3789df0a7bf41008ed17b0401e81b-4c3ab57ccc390ef7] com.netflix.discovery.DiscoveryClient    : Discovery Client initialized at timestamp 1776515245408 with initial instances count: 5
2026-04-18T14:27:25.410+02:00  INFO 9152 --- [gateway-service] [springCloudBus.anonymous.Huz-skdHSEusqBLybs7jMA-1] [69e3789df0a7bf41008ed17b0401e81b-4c3ab57ccc390ef7] o.s.c.n.e.s.EurekaServiceRegistry        : Unregistering application GATEWAY-SERVICE with eureka with status DOWN
2026-04-18T14:27:25.410+02:00  INFO 9152 --- [gateway-service] [springCloudBus.anonymous.Huz-skdHSEusqBLybs7jMA-1] [69e3789df0a7bf41008ed17b0401e81b-4c3ab57ccc390ef7] com.netflix.discovery.DiscoveryClient    : Saw local status change event StatusChangeEvent [timestamp=1776515245410, current=DOWN, previous=STARTING]
2026-04-18T14:27:25.410+02:00  INFO 9152 --- [gateway-service] [DiscoveryClient-InstanceInfoReplicator-%d] [                                                 ] com.netflix.discovery.DiscoveryClient    : DiscoveryClient_GATEWAY-SERVICE/localhost:gateway-service:8080: registering service...
2026-04-18T14:27:25.410+02:00  INFO 9152 --- [gateway-service] [springCloudBus.anonymous.Huz-skdHSEusqBLybs7jMA-1] [69e3789df0a7bf41008ed17b0401e81b-4c3ab57ccc390ef7] o.s.c.n.e.s.EurekaServiceRegistry        : Registering application GATEWAY-SERVICE with eureka with status UP
2026-04-18T14:27:25.411+02:00  INFO 9152 --- [gateway-service] [springCloudBus.anonymous.Huz-skdHSEusqBLybs7jMA-1] [69e3789df0a7bf41008ed17b0401e81b-4c3ab57ccc390ef7] com.netflix.discovery.DiscoveryClient    : Saw local status change event StatusChangeEvent [timestamp=1776515245411, current=UP, previous=DOWN]
2026-04-18T14:27:25.411+02:00  INFO 9152 --- [gateway-service] [springCloudBus.anonymous.Huz-skdHSEusqBLybs7jMA-1] [69e3789df0a7bf41008ed17b0401e81b-4c3ab57ccc390ef7] o.s.cloud.bus.event.RefreshListener      : Keys refreshed []
2026-04-18T14:27:25.476+02:00  INFO 9152 --- [gateway-service] [DiscoveryClient-InstanceInfoReplicator-%d] [                                                 ] com.netflix.discovery.DiscoveryClient    : DiscoveryClient_GATEWAY-SERVICE/localhost:gateway-service:8080 - registration status: 204
2026-04-18T14:27:25.476+02:00  INFO 9152 --- [gateway-service] [DiscoveryClient-InstanceInfoReplicator-%d] [                                                 ] com.netflix.discovery.DiscoveryClient    : DiscoveryClient_GATEWAY-SERVICE/localhost:gateway-service:8080: registering service...
2026-04-18T14:27:25.476+02:00  INFO 9152 --- [gateway-service] [DiscoveryClient-InstanceInfoReplicator-%d] [                                                 ] com.netflix.discovery.DiscoveryClient    : DiscoveryClient_GATEWAY-SERVICE/localhost:gateway-service:8080 - registration status: 204
2026-04-18T14:27:25.880+02:00  INFO 9152 --- [gateway-service] [springCloudBus.anonymous.Huz-skdHSEusqBLybs7jMA-1] [69e3789df0a7bf41008ed17b0401e81b-4c3ab57ccc390ef7] o.s.integration.channel.ExecutorChannel  : Channel 'gateway-service.springCloudBusOutput' has 1 subscriber(s).
2026-04-18T14:27:25.937+02:00  INFO 9152 --- [gateway-service] [pool-7-thread-1] [69e3789df0a7bf41008ed17b0401e81b-7a37ae00df022afb] o.s.a.r.c.CachingConnectionFactory       : Attempting to connect to: [cougar.rmq.cloudamqp.com:5672]
2026-04-18T14:27:27.065+02:00  INFO 9152 --- [gateway-service] [pool-7-thread-1] [69e3789df0a7bf41008ed17b0401e81b-7a37ae00df022afb] o.s.a.r.c.CachingConnectionFactory       : Created new connection: rabbitConnectionFactory.publisher#12ba7ca5:0/SimpleConnection@7caa6d76 [delegate=amqp://ldvtdtip@18.181.18.80:5672/ldvtdtip, localPort=49349]
2026-04-18T14:27:27.084+02:00  INFO 9152 --- [gateway-service] [pool-7-thread-1] [69e3789df0a7bf41008ed17b0401e81b-7a37ae00df022afb] o.s.amqp.rabbit.core.RabbitAdmin         : Auto-declaring a non-durable, auto-delete, or exclusive Queue (springCloudBus.anonymous.Huz-skdHSEusqBLybs7jMA) durable:false, auto-delete:true, exclusive:true. It will be redeclared if the broker stops and is restarted while the connection factory is alive, but all messages will be lost.
2026-04-18T14:32:25.390+02:00  INFO 9152 --- [gateway-service] [AsyncResolver-bootstrap-executor-%d] [                                                 ] c.n.d.s.r.aws.ConfigClusterResolver      : Resolving eureka endpoints via configuration
2026-04-18T14:37:25.392+02:00  INFO 9152 --- [gateway-service] [AsyncResolver-bootstrap-executor-%d] [                                                 ] c.n.d.s.r.aws.ConfigClusterResolver      : Resolving eureka endpoints via configuration
2026-04-18T14:42:25.393+02:00  INFO 9152 --- [gateway-service] [AsyncResolver-bootstrap-executor-%d] [                                                 ] c.n.d.s.r.aws.ConfigClusterResolver      : Resolving eureka endpoints via configuration
2026-04-18T14:46:32.179+02:00  INFO 9152 --- [gateway-service] [SpringApplicationShutdownHook] [                                                 ] o.s.c.n.e.s.EurekaServiceRegistry        : Unregistering application GATEWAY-SERVICE with eureka with status DOWN
2026-04-18T14:46:32.179+02:00  INFO 9152 --- [gateway-service] [SpringApplicationShutdownHook] [                                                 ] com.netflix.discovery.DiscoveryClient    : Saw local status change event StatusChangeEvent [timestamp=1776516392179, current=DOWN, previous=UP]
2026-04-18T14:46:32.179+02:00  INFO 9152 --- [gateway-service] [DiscoveryClient-InstanceInfoReplicator-%d] [                                                 ] com.netflix.discovery.DiscoveryClient    : DiscoveryClient_GATEWAY-SERVICE/localhost:gateway-service:8080: registering service...
2026-04-18T14:46:32.194+02:00  INFO 9152 --- [gateway-service] [DiscoveryClient-InstanceInfoReplicator-%d] [                                                 ] com.netflix.discovery.DiscoveryClient    : DiscoveryClient_GATEWAY-SERVICE/localhost:gateway-service:8080 - registration status: 204
2026-04-18T14:46:32.195+02:00  INFO 9152 --- [gateway-service] [SpringApplicationShutdownHook] [                                                 ] o.s.boot.reactor.netty.GracefulShutdown  : Commencing graceful shutdown. Waiting for active requests to complete
2026-04-18T14:46:32.224+02:00  INFO 9152 --- [gateway-service] [netty-shutdown] [                                                 ] o.s.boot.reactor.netty.GracefulShutdown  : Graceful shutdown complete
2026-04-18T14:46:32.499+02:00  INFO 9152 --- [gateway-service] [SpringApplicationShutdownHook] [                                                 ] o.s.a.r.l.SimpleMessageListenerContainer : Waiting for workers to finish.
2026-04-18T14:46:33.146+02:00  INFO 9152 --- [gateway-service] [SpringApplicationShutdownHook] [                                                 ] o.s.a.r.l.SimpleMessageListenerContainer : Successfully waited for workers to finish.
2026-04-18T14:46:33.147+02:00  INFO 9152 --- [gateway-service] [SpringApplicationShutdownHook] [                                                 ] o.s.i.a.i.AmqpInboundChannelAdapter      : stopped bean 'inbound.springCloudBus.anonymous.Huz-skdHSEusqBLybs7jMA'
2026-04-18T14:46:33.180+02:00  INFO 9152 --- [gateway-service] [SpringApplicationShutdownHook] [                                                 ] o.s.c.stream.binder.BinderErrorChannel   : Channel 'gateway-service.rabbit-22347944.springCloudBusInput.errors' has 1 subscriber(s).
2026-04-18T14:46:33.183+02:00  INFO 9152 --- [gateway-service] [SpringApplicationShutdownHook] [                                                 ] o.s.c.stream.binder.BinderErrorChannel   : Channel 'gateway-service.rabbit-22347944.springCloudBusInput.errors' has 0 subscriber(s).
2026-04-18T14:46:36.575+02:00  INFO 9152 --- [gateway-service] [SpringApplicationShutdownHook] [                                                 ] o.s.i.endpoint.EventDrivenConsumer       : Removing {logging-channel-adapter:_org.springframework.integration.errorLogger} as a subscriber to the 'errorChannel' channel
2026-04-18T14:46:36.576+02:00  INFO 9152 --- [gateway-service] [SpringApplicationShutdownHook] [                                                 ] o.s.i.channel.PublishSubscribeChannel    : Channel 'gateway-service.errorChannel' has 0 subscriber(s).
2026-04-18T14:46:36.576+02:00  INFO 9152 --- [gateway-service] [SpringApplicationShutdownHook] [                                                 ] o.s.i.endpoint.EventDrivenConsumer       : stopped bean '_org.springframework.integration.errorLogger'
2026-04-18T14:46:37.231+02:00  INFO 9152 --- [gateway-service] [SpringApplicationShutdownHook] [                                                 ] com.netflix.discovery.DiscoveryClient    : Shutting down DiscoveryClient ...
2026-04-18T14:46:40.233+02:00  INFO 9152 --- [gateway-service] [SpringApplicationShutdownHook] [                                                 ] com.netflix.discovery.DiscoveryClient    : Unregistering ...
2026-04-18T14:46:40.237+02:00  INFO 9152 --- [gateway-service] [SpringApplicationShutdownHook] [                                                 ] com.netflix.discovery.DiscoveryClient    : DiscoveryClient_GATEWAY-SERVICE/localhost:gateway-service:8080 - deregister  status: 200
2026-04-18T14:46:40.237+02:00  INFO 9152 --- [gateway-service] [SpringApplicationShutdownHook] [                                                 ] com.netflix.discovery.DiscoveryClient    : Completed shut down of DiscoveryClient
